This file contains any messages produced by compilers while
running configure, to aid debugging if configure makes a mistake.

It was created by configure, which was
generated by GNU Autoconf 2.59.  Invocation command line was

  $ ./configure --enable-float-approx --disable-shared --enable-static --with-pic --disable-extra-programs --disable-doc --host=arm-apple-darwin --prefix=/Users/sec/Downloads/libspeex/build/built/iPhoneOS15.2-arm64e.sdk LDFLAGS= -flto -fPIE -L/Users/sec/Downloads/libspeex/dependencies/lib CFLAGS= -arch arm64e -Ofast -flto -g -fPIE -I/Users/sec/Downloads/libspeex/dependencies/include -isysroot /Volumes/WORK/Apps/Xcode.app/Contents/Developer/Platforms/iPhoneOS.platform/Developer/SDKs/iPhoneOS15.2.sdk

## --------- ##
## Platform. ##
## --------- ##

hostname = SeongHoonui-Macmini-2.local
uname -m = arm64
uname -r = 21.2.0
uname -s = Darwin
uname -v = Darwin Kernel Version 21.2.0: Sun Nov 28 20:29:10 PST 2021; root:xnu-8019.61.5~1/RELEASE_ARM64_T8101

/usr/bin/uname -p = arm
/bin/uname -X     = unknown

/bin/arch              = unknown
/usr/bin/arch -k       = unknown
/usr/convex/getsysinfo = unknown
hostinfo               = Mach kernel version:
	 Darwin Kernel Version 21.2.0: Sun Nov 28 20:29:10 PST 2021; root:xnu-8019.61.5~1/RELEASE_ARM64_T8101
Kernel configured for up to 8 processors.
8 processors are physically available.
8 processors are logically available.
Processor type: arm64e (ARM64E)
Processors active: 0 1 2 3 4 5 6 7
Primary memory available: 8.00 gigabytes
Default processor set: 387 tasks, 2304 threads, 8 processors
Load average: 4.96, Mach factor: 4.29
/bin/machine           = unknown
/usr/bin/oslevel       = unknown
/bin/universe          = unknown

PATH: /opt/homebrew/bin
PATH: /opt/homebrew/sbin
PATH: /usr/local/bin
PATH: /usr/bin
PATH: /bin
PATH: /usr/sbin
PATH: /sbin
PATH: /Library/Apple/usr/bin


## ----------- ##
## Core tests. ##
## ----------- ##

configure:1578: checking for a BSD-compatible install
configure:1633: result: /opt/homebrew/bin/ginstall -c
configure:1644: checking whether build environment is sane
configure:1687: result: yes
configure:1744: checking for gawk
configure:1773: result: no
configure:1744: checking for mawk
configure:1773: result: no
configure:1744: checking for nawk
configure:1773: result: no
configure:1744: checking for awk
configure:1760: found /usr/bin/awk
configure:1770: result: awk
configure:1780: checking whether make sets $(MAKE)
configure:1800: result: yes
configure:1870: checking for arm-apple-darwin-strip
configure:1899: result: no
configure:1908: checking for strip
configure:1924: found /usr/bin/strip
configure:1935: result: strip
configure:1955: checking whether to enable maintainer-specific portions of Makefiles
configure:1964: result: no
configure:1986: checking build system type
configure:2004: result: arm-apple-darwin21.2.0
configure:2012: checking host system type
configure:2026: result: arm-apple-darwin
configure:2118: checking for style of include used by make
configure:2146: result: GNU
configure:2179: checking for arm-apple-darwin-gcc
configure:2208: result: no
configure:2217: checking for gcc
configure:2233: found /usr/bin/gcc
configure:2243: result: gcc
configure:2487: checking for C compiler version
configure:2490: gcc --version </dev/null >&5
Configured with: --prefix=/Library/Developer/CommandLineTools/usr --with-gxx-include-dir=/Library/Developer/CommandLineTools/SDKs/MacOSX.sdk/usr/include/c++/4.2.1
Apple clang version 13.0.0 (clang-1300.0.29.30)
Target: arm64-apple-darwin21.2.0
Thread model: posix
InstalledDir: /Library/Developer/CommandLineTools/usr/bin
configure:2493: $? = 0
configure:2495: gcc -v </dev/null >&5
Configured with: --prefix=/Library/Developer/CommandLineTools/usr --with-gxx-include-dir=/Library/Developer/CommandLineTools/SDKs/MacOSX.sdk/usr/include/c++/4.2.1
Apple clang version 13.0.0 (clang-1300.0.29.30)
Target: arm64-apple-darwin21.2.0
Thread model: posix
InstalledDir: /Library/Developer/CommandLineTools/usr/bin
configure:2498: $? = 0
configure:2500: gcc -V </dev/null >&5
clang: error: argument to '-V' is missing (expected 1 value)
clang: error: no input files
configure:2503: $? = 1
configure:2526: checking for C compiler default output file name
configure:2529: gcc  -arch arm64e -Ofast -flto -g -fPIE -I/Users/sec/Downloads/libspeex/dependencies/include -isysroot /Volumes/WORK/Apps/Xcode.app/Contents/Developer/Platforms/iPhoneOS.platform/Developer/SDKs/iPhoneOS15.2.sdk   -flto -fPIE -L/Users/sec/Downloads/libspeex/dependencies/lib conftest.c  >&5
configure:2532: $? = 0
configure:2578: result: a.out
configure:2583: checking whether the C compiler works
configure:2589: ./a.out
./configure: line 2590: 30840 Killed: 9               ./$ac_file
configure:2592: $? = 137
configure:2609: result: yes
configure:2616: checking whether we are cross compiling
configure:2618: result: yes
configure:2621: checking for suffix of executables
configure:2623: gcc -o conftest  -arch arm64e -Ofast -flto -g -fPIE -I/Users/sec/Downloads/libspeex/dependencies/include -isysroot /Volumes/WORK/Apps/Xcode.app/Contents/Developer/Platforms/iPhoneOS.platform/Developer/SDKs/iPhoneOS15.2.sdk   -flto -fPIE -L/Users/sec/Downloads/libspeex/dependencies/lib conftest.c  >&5
configure:2626: $? = 0
configure:2651: result: 
configure:2657: checking for suffix of object files
configure:2678: gcc -c  -arch arm64e -Ofast -flto -g -fPIE -I/Users/sec/Downloads/libspeex/dependencies/include -isysroot /Volumes/WORK/Apps/Xcode.app/Contents/Developer/Platforms/iPhoneOS.platform/Developer/SDKs/iPhoneOS15.2.sdk  conftest.c >&5
configure:2681: $? = 0
configure:2703: result: o
configure:2707: checking whether we are using the GNU C compiler
configure:2731: gcc -c  -arch arm64e -Ofast -flto -g -fPIE -I/Users/sec/Downloads/libspeex/dependencies/include -isysroot /Volumes/WORK/Apps/Xcode.app/Contents/Developer/Platforms/iPhoneOS.platform/Developer/SDKs/iPhoneOS15.2.sdk  conftest.c >&5
configure:2737: $? = 0
configure:2740: test -z 			 || test ! -s conftest.err
configure:2743: $? = 0
configure:2746: test -s conftest.o
configure:2749: $? = 0
configure:2762: result: yes
configure:2768: checking whether gcc accepts -g
configure:2789: gcc -c -g  conftest.c >&5
configure:2795: $? = 0
configure:2798: test -z 			 || test ! -s conftest.err
configure:2801: $? = 0
configure:2804: test -s conftest.o
configure:2807: $? = 0
configure:2818: result: yes
configure:2835: checking for gcc option to accept ANSI C
configure:2905: gcc  -c  -arch arm64e -Ofast -flto -g -fPIE -I/Users/sec/Downloads/libspeex/dependencies/include -isysroot /Volumes/WORK/Apps/Xcode.app/Contents/Developer/Platforms/iPhoneOS.platform/Developer/SDKs/iPhoneOS15.2.sdk  conftest.c >&5
configure:2911: $? = 0
configure:2914: test -z 			 || test ! -s conftest.err
configure:2917: $? = 0
configure:2920: test -s conftest.o
configure:2923: $? = 0
configure:2941: result: none needed
configure:2959: gcc -c  -arch arm64e -Ofast -flto -g -fPIE -I/Users/sec/Downloads/libspeex/dependencies/include -isysroot /Volumes/WORK/Apps/Xcode.app/Contents/Developer/Platforms/iPhoneOS.platform/Developer/SDKs/iPhoneOS15.2.sdk  conftest.c >&5
conftest.c:2:3: error: unknown type name 'choke'
  choke me
  ^
conftest.c:2:11: error: expected ';' after top level declarator
  choke me
          ^
          ;
2 errors generated.
configure:2965: $? = 1
configure: failed program was:
| #ifndef __cplusplus
|   choke me
| #endif
configure:3097: checking dependency style of gcc
configure:3187: result: gcc3
configure:3204: checking for a sed that does not truncate output
configure:3258: result: /usr/bin/sed
configure:3261: checking for egrep
configure:3271: result: grep -E
configure:3287: checking for ld used by gcc
configure:3354: result: /Library/Developer/CommandLineTools/usr/bin/ld
configure:3363: checking if the linker (/Library/Developer/CommandLineTools/usr/bin/ld) is GNU ld
configure:3378: result: no
configure:3383: checking for /Library/Developer/CommandLineTools/usr/bin/ld option to reload object files
configure:3390: result: -r
configure:3399: checking for BSD-compatible nm
configure:3441: result: nm
configure:3445: checking whether ln -s works
configure:3449: result: yes
configure:3456: checking how to recognise dependent libraries
configure:3630: result: pass_all
configure:3843: checking how to run the C preprocessor
configure:3878: gcc -E  conftest.c
configure:3884: $? = 0
configure:3916: gcc -E  conftest.c
conftest.c:9:10: fatal error: 'ac_nonexistent.h' file not found
#include <ac_nonexistent.h>
         ^~~~~~~~~~~~~~~~~~
1 error generated.
configure:3922: $? = 1
configure: failed program was:
| /* confdefs.h.  */
| 
| #define PACKAGE_NAME ""
| #define PACKAGE_TARNAME ""
| #define PACKAGE_VERSION ""
| #define PACKAGE_STRING ""
| #define PACKAGE_BUGREPORT ""
| /* end confdefs.h.  */
| #include <ac_nonexistent.h>
configure:3961: result: gcc -E
configure:3985: gcc -E  conftest.c
configure:3991: $? = 0
configure:4023: gcc -E  conftest.c
conftest.c:9:10: fatal error: 'ac_nonexistent.h' file not found
#include <ac_nonexistent.h>
         ^~~~~~~~~~~~~~~~~~
1 error generated.
configure:4029: $? = 1
configure: failed program was:
| /* confdefs.h.  */
| 
| #define PACKAGE_NAME ""
| #define PACKAGE_TARNAME ""
| #define PACKAGE_VERSION ""
| #define PACKAGE_STRING ""
| #define PACKAGE_BUGREPORT ""
| /* end confdefs.h.  */
| #include <ac_nonexistent.h>
configure:4073: checking for ANSI C header files
configure:4098: gcc -c  -arch arm64e -Ofast -flto -g -fPIE -I/Users/sec/Downloads/libspeex/dependencies/include -isysroot /Volumes/WORK/Apps/Xcode.app/Contents/Developer/Platforms/iPhoneOS.platform/Developer/SDKs/iPhoneOS15.2.sdk  conftest.c >&5
configure:4104: $? = 0
configure:4107: test -z 			 || test ! -s conftest.err
configure:4110: $? = 0
configure:4113: test -s conftest.o
configure:4116: $? = 0
configure:4228: result: yes
configure:4252: checking for sys/types.h
configure:4268: gcc -c  -arch arm64e -Ofast -flto -g -fPIE -I/Users/sec/Downloads/libspeex/dependencies/include -isysroot /Volumes/WORK/Apps/Xcode.app/Contents/Developer/Platforms/iPhoneOS.platform/Developer/SDKs/iPhoneOS15.2.sdk  conftest.c >&5
configure:4274: $? = 0
configure:4277: test -z 			 || test ! -s conftest.err
configure:4280: $? = 0
configure:4283: test -s conftest.o
configure:4286: $? = 0
configure:4297: result: yes
configure:4252: checking for sys/stat.h
configure:4268: gcc -c  -arch arm64e -Ofast -flto -g -fPIE -I/Users/sec/Downloads/libspeex/dependencies/include -isysroot /Volumes/WORK/Apps/Xcode.app/Contents/Developer/Platforms/iPhoneOS.platform/Developer/SDKs/iPhoneOS15.2.sdk  conftest.c >&5
configure:4274: $? = 0
configure:4277: test -z 			 || test ! -s conftest.err
configure:4280: $? = 0
configure:4283: test -s conftest.o
configure:4286: $? = 0
configure:4297: result: yes
configure:4252: checking for stdlib.h
configure:4268: gcc -c  -arch arm64e -Ofast -flto -g -fPIE -I/Users/sec/Downloads/libspeex/dependencies/include -isysroot /Volumes/WORK/Apps/Xcode.app/Contents/Developer/Platforms/iPhoneOS.platform/Developer/SDKs/iPhoneOS15.2.sdk  conftest.c >&5
configure:4274: $? = 0
configure:4277: test -z 			 || test ! -s conftest.err
configure:4280: $? = 0
configure:4283: test -s conftest.o
configure:4286: $? = 0
configure:4297: result: yes
configure:4252: checking for string.h
configure:4268: gcc -c  -arch arm64e -Ofast -flto -g -fPIE -I/Users/sec/Downloads/libspeex/dependencies/include -isysroot /Volumes/WORK/Apps/Xcode.app/Contents/Developer/Platforms/iPhoneOS.platform/Developer/SDKs/iPhoneOS15.2.sdk  conftest.c >&5
configure:4274: $? = 0
configure:4277: test -z 			 || test ! -s conftest.err
configure:4280: $? = 0
configure:4283: test -s conftest.o
configure:4286: $? = 0
configure:4297: result: yes
configure:4252: checking for memory.h
configure:4268: gcc -c  -arch arm64e -Ofast -flto -g -fPIE -I/Users/sec/Downloads/libspeex/dependencies/include -isysroot /Volumes/WORK/Apps/Xcode.app/Contents/Developer/Platforms/iPhoneOS.platform/Developer/SDKs/iPhoneOS15.2.sdk  conftest.c >&5
configure:4274: $? = 0
configure:4277: test -z 			 || test ! -s conftest.err
configure:4280: $? = 0
configure:4283: test -s conftest.o
configure:4286: $? = 0
configure:4297: result: yes
configure:4252: checking for strings.h
configure:4268: gcc -c  -arch arm64e -Ofast -flto -g -fPIE -I/Users/sec/Downloads/libspeex/dependencies/include -isysroot /Volumes/WORK/Apps/Xcode.app/Contents/Developer/Platforms/iPhoneOS.platform/Developer/SDKs/iPhoneOS15.2.sdk  conftest.c >&5
configure:4274: $? = 0
configure:4277: test -z 			 || test ! -s conftest.err
configure:4280: $? = 0
configure:4283: test -s conftest.o
configure:4286: $? = 0
configure:4297: result: yes
configure:4252: checking for inttypes.h
configure:4268: gcc -c  -arch arm64e -Ofast -flto -g -fPIE -I/Users/sec/Downloads/libspeex/dependencies/include -isysroot /Volumes/WORK/Apps/Xcode.app/Contents/Developer/Platforms/iPhoneOS.platform/Developer/SDKs/iPhoneOS15.2.sdk  conftest.c >&5
configure:4274: $? = 0
configure:4277: test -z 			 || test ! -s conftest.err
configure:4280: $? = 0
configure:4283: test -s conftest.o
configure:4286: $? = 0
configure:4297: result: yes
configure:4252: checking for stdint.h
configure:4268: gcc -c  -arch arm64e -Ofast -flto -g -fPIE -I/Users/sec/Downloads/libspeex/dependencies/include -isysroot /Volumes/WORK/Apps/Xcode.app/Contents/Developer/Platforms/iPhoneOS.platform/Developer/SDKs/iPhoneOS15.2.sdk  conftest.c >&5
configure:4274: $? = 0
configure:4277: test -z 			 || test ! -s conftest.err
configure:4280: $? = 0
configure:4283: test -s conftest.o
configure:4286: $? = 0
configure:4297: result: yes
configure:4252: checking for unistd.h
configure:4268: gcc -c  -arch arm64e -Ofast -flto -g -fPIE -I/Users/sec/Downloads/libspeex/dependencies/include -isysroot /Volumes/WORK/Apps/Xcode.app/Contents/Developer/Platforms/iPhoneOS.platform/Developer/SDKs/iPhoneOS15.2.sdk  conftest.c >&5
configure:4274: $? = 0
configure:4277: test -z 			 || test ! -s conftest.err
configure:4280: $? = 0
configure:4283: test -s conftest.o
configure:4286: $? = 0
configure:4297: result: yes
configure:4323: checking dlfcn.h usability
configure:4335: gcc -c  -arch arm64e -Ofast -flto -g -fPIE -I/Users/sec/Downloads/libspeex/dependencies/include -isysroot /Volumes/WORK/Apps/Xcode.app/Contents/Developer/Platforms/iPhoneOS.platform/Developer/SDKs/iPhoneOS15.2.sdk  conftest.c >&5
configure:4341: $? = 0
configure:4344: test -z 			 || test ! -s conftest.err
configure:4347: $? = 0
configure:4350: test -s conftest.o
configure:4353: $? = 0
configure:4363: result: yes
configure:4367: checking dlfcn.h presence
configure:4377: gcc -E  conftest.c
configure:4383: $? = 0
configure:4403: result: yes
configure:4438: checking for dlfcn.h
configure:4445: result: yes
configure:4468: checking for arm-apple-darwin-g++
configure:4497: result: no
configure:4468: checking for arm-apple-darwin-c++
configure:4497: result: no
configure:4468: checking for arm-apple-darwin-gpp
configure:4497: result: no
configure:4468: checking for arm-apple-darwin-aCC
configure:4497: result: no
configure:4468: checking for arm-apple-darwin-CC
configure:4497: result: no
configure:4468: checking for arm-apple-darwin-cxx
configure:4497: result: no
configure:4468: checking for arm-apple-darwin-cc++
configure:4497: result: no
configure:4468: checking for arm-apple-darwin-cl
configure:4497: result: no
configure:4468: checking for arm-apple-darwin-FCC
configure:4497: result: no
configure:4468: checking for arm-apple-darwin-KCC
configure:4497: result: no
configure:4468: checking for arm-apple-darwin-RCC
configure:4497: result: no
configure:4468: checking for arm-apple-darwin-xlC_r
configure:4497: result: no
configure:4468: checking for arm-apple-darwin-xlC
configure:4497: result: no
configure:4510: checking for g++
configure:4526: found /usr/bin/g++
configure:4536: result: g++
configure:4552: checking for C++ compiler version
configure:4555: g++ --version </dev/null >&5
Configured with: --prefix=/Library/Developer/CommandLineTools/usr --with-gxx-include-dir=/Library/Developer/CommandLineTools/SDKs/MacOSX.sdk/usr/include/c++/4.2.1
Apple clang version 13.0.0 (clang-1300.0.29.30)
Target: arm64-apple-darwin21.2.0
Thread model: posix
InstalledDir: /Library/Developer/CommandLineTools/usr/bin
configure:4558: $? = 0
configure:4560: g++ -v </dev/null >&5
Configured with: --prefix=/Library/Developer/CommandLineTools/usr --with-gxx-include-dir=/Library/Developer/CommandLineTools/SDKs/MacOSX.sdk/usr/include/c++/4.2.1
Apple clang version 13.0.0 (clang-1300.0.29.30)
Target: arm64-apple-darwin21.2.0
Thread model: posix
InstalledDir: /Library/Developer/CommandLineTools/usr/bin
configure:4563: $? = 0
configure:4565: g++ -V </dev/null >&5
clang: error: argument to '-V' is missing (expected 1 value)
clang: error: no input files
configure:4568: $? = 1
configure:4571: checking whether we are using the GNU C++ compiler
configure:4595: g++ -c   conftest.cc >&5
configure:4601: $? = 0
configure:4604: test -z 			 || test ! -s conftest.err
configure:4607: $? = 0
configure:4610: test -s conftest.o
configure:4613: $? = 0
configure:4626: result: yes
configure:4632: checking whether g++ accepts -g
configure:4653: g++ -c -g  conftest.cc >&5
configure:4659: $? = 0
configure:4662: test -z 			 || test ! -s conftest.err
configure:4665: $? = 0
configure:4668: test -s conftest.o
configure:4671: $? = 0
configure:4682: result: yes
configure:4724: g++ -c -g -O2  conftest.cc >&5
configure:4730: $? = 0
configure:4733: test -z 			 || test ! -s conftest.err
configure:4736: $? = 0
configure:4739: test -s conftest.o
configure:4742: $? = 0
configure:4768: g++ -c -g -O2  conftest.cc >&5
conftest.cc:24:1: error: use of undeclared identifier 'exit'
exit (42);
^
1 error generated.
configure:4774: $? = 1
configure: failed program was:
| /* confdefs.h.  */
| 
| #define PACKAGE_NAME ""
| #define PACKAGE_TARNAME ""
| #define PACKAGE_VERSION ""
| #define PACKAGE_STRING ""
| #define PACKAGE_BUGREPORT ""
| #define STDC_HEADERS 1
| #define HAVE_SYS_TYPES_H 1
| #define HAVE_SYS_STAT_H 1
| #define HAVE_STDLIB_H 1
| #define HAVE_STRING_H 1
| #define HAVE_MEMORY_H 1
| #define HAVE_STRINGS_H 1
| #define HAVE_INTTYPES_H 1
| #define HAVE_STDINT_H 1
| #define HAVE_UNISTD_H 1
| #define HAVE_DLFCN_H 1
| /* end confdefs.h.  */
| 
| int
| main ()
| {
| exit (42);
|   ;
|   return 0;
| }
configure:4724: g++ -c -g -O2  conftest.cc >&5
conftest.cc:20:17: error: use of undeclared identifier 'std'
extern "C" void std::exit (int) throw (); using std::exit;
                ^
conftest.cc:20:49: error: use of undeclared identifier 'std'
extern "C" void std::exit (int) throw (); using std::exit;
                                                ^
2 errors generated.
configure:4730: $? = 1
configure: failed program was:
| /* confdefs.h.  */
| 
| #define PACKAGE_NAME ""
| #define PACKAGE_TARNAME ""
| #define PACKAGE_VERSION ""
| #define PACKAGE_STRING ""
| #define PACKAGE_BUGREPORT ""
| #define STDC_HEADERS 1
| #define HAVE_SYS_TYPES_H 1
| #define HAVE_SYS_STAT_H 1
| #define HAVE_STDLIB_H 1
| #define HAVE_STRING_H 1
| #define HAVE_MEMORY_H 1
| #define HAVE_STRINGS_H 1
| #define HAVE_INTTYPES_H 1
| #define HAVE_STDINT_H 1
| #define HAVE_UNISTD_H 1
| #define HAVE_DLFCN_H 1
| /* end confdefs.h.  */
| extern "C" void std::exit (int) throw (); using std::exit;
| #include <stdlib.h>
| int
| main ()
| {
| exit (42);
|   ;
|   return 0;
| }
configure:4724: g++ -c -g -O2  conftest.cc >&5
conftest.cc:20:17: error: use of undeclared identifier 'std'
extern "C" void std::exit (int); using std::exit;
                ^
conftest.cc:20:40: error: use of undeclared identifier 'std'
extern "C" void std::exit (int); using std::exit;
                                       ^
2 errors generated.
configure:4730: $? = 1
configure: failed program was:
| /* confdefs.h.  */
| 
| #define PACKAGE_NAME ""
| #define PACKAGE_TARNAME ""
| #define PACKAGE_VERSION ""
| #define PACKAGE_STRING ""
| #define PACKAGE_BUGREPORT ""
| #define STDC_HEADERS 1
| #define HAVE_SYS_TYPES_H 1
| #define HAVE_SYS_STAT_H 1
| #define HAVE_STDLIB_H 1
| #define HAVE_STRING_H 1
| #define HAVE_MEMORY_H 1
| #define HAVE_STRINGS_H 1
| #define HAVE_INTTYPES_H 1
| #define HAVE_STDINT_H 1
| #define HAVE_UNISTD_H 1
| #define HAVE_DLFCN_H 1
| /* end confdefs.h.  */
| extern "C" void std::exit (int); using std::exit;
| #include <stdlib.h>
| int
| main ()
| {
| exit (42);
|   ;
|   return 0;
| }
configure:4724: g++ -c -g -O2  conftest.cc >&5
In file included from conftest.cc:21:
In file included from /Library/Developer/CommandLineTools/SDKs/MacOSX.sdk/usr/include/c++/v1/stdlib.h:93:
/Library/Developer/CommandLineTools/SDKs/MacOSX.sdk/usr/include/stdlib.h:145:7: error: 'exit' is missing exception specification 'throw()'
void     exit(int) __dead2;
         ^
conftest.cc:20:17: note: previous declaration is here
extern "C" void exit (int) throw ();
                ^
1 error generated.
configure:4730: $? = 1
configure: failed program was:
| /* confdefs.h.  */
| 
| #define PACKAGE_NAME ""
| #define PACKAGE_TARNAME ""
| #define PACKAGE_VERSION ""
| #define PACKAGE_STRING ""
| #define PACKAGE_BUGREPORT ""
| #define STDC_HEADERS 1
| #define HAVE_SYS_TYPES_H 1
| #define HAVE_SYS_STAT_H 1
| #define HAVE_STDLIB_H 1
| #define HAVE_STRING_H 1
| #define HAVE_MEMORY_H 1
| #define HAVE_STRINGS_H 1
| #define HAVE_INTTYPES_H 1
| #define HAVE_STDINT_H 1
| #define HAVE_UNISTD_H 1
| #define HAVE_DLFCN_H 1
| /* end confdefs.h.  */
| extern "C" void exit (int) throw ();
| #include <stdlib.h>
| int
| main ()
| {
| exit (42);
|   ;
|   return 0;
| }
configure:4724: g++ -c -g -O2  conftest.cc >&5
configure:4730: $? = 0
configure:4733: test -z 			 || test ! -s conftest.err
configure:4736: $? = 0
configure:4739: test -s conftest.o
configure:4742: $? = 0
configure:4768: g++ -c -g -O2  conftest.cc >&5
configure:4774: $? = 0
configure:4777: test -z 			 || test ! -s conftest.err
configure:4780: $? = 0
configure:4783: test -s conftest.o
configure:4786: $? = 0
configure:4811: checking dependency style of g++
configure:4901: result: gcc3
configure:4923: checking how to run the C++ preprocessor
configure:4954: g++ -E  conftest.cc
configure:4960: $? = 0
configure:4992: g++ -E  conftest.cc
conftest.cc:23:10: fatal error: 'ac_nonexistent.h' file not found
#include <ac_nonexistent.h>
         ^~~~~~~~~~~~~~~~~~
1 error generated.
configure:4998: $? = 1
configure: failed program was:
| /* confdefs.h.  */
| 
| #define PACKAGE_NAME ""
| #define PACKAGE_TARNAME ""
| #define PACKAGE_VERSION ""
| #define PACKAGE_STRING ""
| #define PACKAGE_BUGREPORT ""
| #define STDC_HEADERS 1
| #define HAVE_SYS_TYPES_H 1
| #define HAVE_SYS_STAT_H 1
| #define HAVE_STDLIB_H 1
| #define HAVE_STRING_H 1
| #define HAVE_MEMORY_H 1
| #define HAVE_STRINGS_H 1
| #define HAVE_INTTYPES_H 1
| #define HAVE_STDINT_H 1
| #define HAVE_UNISTD_H 1
| #define HAVE_DLFCN_H 1
| #ifdef __cplusplus
| extern "C" void exit (int);
| #endif
| /* end confdefs.h.  */
| #include <ac_nonexistent.h>
configure:5037: result: g++ -E
configure:5061: g++ -E  conftest.cc
configure:5067: $? = 0
configure:5099: g++ -E  conftest.cc
conftest.cc:23:10: fatal error: 'ac_nonexistent.h' file not found
#include <ac_nonexistent.h>
         ^~~~~~~~~~~~~~~~~~
1 error generated.
configure:5105: $? = 1
configure: failed program was:
| /* confdefs.h.  */
| 
| #define PACKAGE_NAME ""
| #define PACKAGE_TARNAME ""
| #define PACKAGE_VERSION ""
| #define PACKAGE_STRING ""
| #define PACKAGE_BUGREPORT ""
| #define STDC_HEADERS 1
| #define HAVE_SYS_TYPES_H 1
| #define HAVE_SYS_STAT_H 1
| #define HAVE_STDLIB_H 1
| #define HAVE_STRING_H 1
| #define HAVE_MEMORY_H 1
| #define HAVE_STRINGS_H 1
| #define HAVE_INTTYPES_H 1
| #define HAVE_STDINT_H 1
| #define HAVE_UNISTD_H 1
| #define HAVE_DLFCN_H 1
| #ifdef __cplusplus
| extern "C" void exit (int);
| #endif
| /* end confdefs.h.  */
| #include <ac_nonexistent.h>
configure:5158: checking for arm-apple-darwin-g77
configure:5187: result: no
configure:5158: checking for arm-apple-darwin-f77
configure:5187: result: no
configure:5158: checking for arm-apple-darwin-xlf
configure:5187: result: no
configure:5158: checking for arm-apple-darwin-frt
configure:5187: result: no
configure:5158: checking for arm-apple-darwin-pgf77
configure:5187: result: no
configure:5158: checking for arm-apple-darwin-fort77
configure:5187: result: no
configure:5158: checking for arm-apple-darwin-fl32
configure:5187: result: no
configure:5158: checking for arm-apple-darwin-af77
configure:5187: result: no
configure:5158: checking for arm-apple-darwin-f90
configure:5187: result: no
configure:5158: checking for arm-apple-darwin-xlf90
configure:5187: result: no
configure:5158: checking for arm-apple-darwin-pgf90
configure:5187: result: no
configure:5158: checking for arm-apple-darwin-epcf90
configure:5187: result: no
configure:5158: checking for arm-apple-darwin-f95
configure:5187: result: no
configure:5158: checking for arm-apple-darwin-fort
configure:5187: result: no
configure:5158: checking for arm-apple-darwin-xlf95
configure:5187: result: no
configure:5158: checking for arm-apple-darwin-ifc
configure:5187: result: no
configure:5158: checking for arm-apple-darwin-efc
configure:5187: result: no
configure:5158: checking for arm-apple-darwin-pgf95
configure:5187: result: no
configure:5158: checking for arm-apple-darwin-lf95
configure:5187: result: no
configure:5158: checking for arm-apple-darwin-gfortran
configure:5187: result: no
configure:5200: checking for g77
configure:5229: result: no
configure:5200: checking for f77
configure:5229: result: no
configure:5200: checking for xlf
configure:5229: result: no
configure:5200: checking for frt
configure:5229: result: no
configure:5200: checking for pgf77
configure:5229: result: no
configure:5200: checking for fort77
configure:5229: result: no
configure:5200: checking for fl32
configure:5229: result: no
configure:5200: checking for af77
configure:5229: result: no
configure:5200: checking for f90
configure:5229: result: no
configure:5200: checking for xlf90
configure:5229: result: no
configure:5200: checking for pgf90
configure:5229: result: no
configure:5200: checking for epcf90
configure:5229: result: no
configure:5200: checking for f95
configure:5229: result: no
configure:5200: checking for fort
configure:5229: result: no
configure:5200: checking for xlf95
configure:5229: result: no
configure:5200: checking for ifc
configure:5229: result: no
configure:5200: checking for efc
configure:5229: result: no
configure:5200: checking for pgf95
configure:5229: result: no
configure:5200: checking for lf95
configure:5229: result: no
configure:5200: checking for gfortran
configure:5216: found /opt/homebrew/bin/gfortran
configure:5226: result: gfortran
configure:5241: checking for Fortran 77 compiler version
configure:5244: gfortran --version </dev/null >&5
GNU Fortran (Homebrew GCC 11.2.0_3) 11.2.0
Copyright (C) 2021 Free Software Foundation, Inc.
This is free software; see the source for copying conditions.  There is NO
warranty; not even for MERCHANTABILITY or FITNESS FOR A PARTICULAR PURPOSE.

configure:5247: $? = 0
configure:5249: gfortran -v </dev/null >&5
Using built-in specs.
COLLECT_GCC=gfortran
COLLECT_LTO_WRAPPER=/opt/homebrew/Cellar/gcc/11.2.0_3/bin/../libexec/gcc/aarch64-apple-darwin21/11/lto-wrapper
Target: aarch64-apple-darwin21
Configured with: ../configure --prefix=/opt/homebrew/opt/gcc --libdir=/opt/homebrew/opt/gcc/lib/gcc/11 --disable-nls --enable-checking=release --with-gcc-major-version-only --enable-languages=c,c++,objc,obj-c++,fortran --program-suffix=-11 --with-gmp=/opt/homebrew/opt/gmp --with-mpfr=/opt/homebrew/opt/mpfr --with-mpc=/opt/homebrew/opt/libmpc --with-isl=/opt/homebrew/opt/isl --with-zstd=/opt/homebrew/opt/zstd --with-pkgversion='Homebrew GCC 11.2.0_3' --with-bugurl=https://github.com/Homebrew/homebrew-core/issues --build=aarch64-apple-darwin21 --with-system-zlib --with-native-system-header-dir=/usr/include --with-sysroot=/Library/Developer/CommandLineTools/SDKs/MacOSX12.sdk
Thread model: posix
Supported LTO compression algorithms: zlib zstd
gcc version 11.2.0 (Homebrew GCC 11.2.0_3) 
configure:5252: $? = 0
configure:5254: gfortran -V </dev/null >&5
gfortran: error: unrecognized command-line option '-V'
gfortran: fatal error: no input files
compilation terminated.
configure:5257: $? = 1
configure:5265: checking whether we are using the GNU Fortran 77 compiler
configure:5279: gfortran -c  conftest.F >&5
configure:5285: $? = 0
configure:5288: test -z 			 || test ! -s conftest.err
configure:5291: $? = 0
configure:5294: test -s conftest.o
configure:5297: $? = 0
configure:5310: result: yes
configure:5316: checking whether gfortran accepts -g
configure:5328: gfortran -c -g conftest.f >&5
configure:5334: $? = 0
configure:5337: test -z 			 || test ! -s conftest.err
configure:5340: $? = 0
configure:5343: test -s conftest.o
configure:5346: $? = 0
configure:5358: result: yes
configure:5388: checking the maximum length of command line arguments
configure:5453: result: 262144
configure:5464: checking command to parse nm output from gcc object
configure:5553: gcc -c  -arch arm64e -Ofast -flto -g -fPIE -I/Users/sec/Downloads/libspeex/dependencies/include -isysroot /Volumes/WORK/Apps/Xcode.app/Contents/Developer/Platforms/iPhoneOS.platform/Developer/SDKs/iPhoneOS15.2.sdk  conftest.c >&5
configure:5556: $? = 0
configure:5560: nm conftest.o \| sed -n -e 's/^.*[ 	]\([BCDEGRST][BCDEGRST]*\)[ 	][ 	]*\(\)\([_A-Za-z][_A-Za-z0-9]*\)$/\1 \2\3 \3/p' \> conftest.nm
configure:5563: $? = 0
cannot find nm_test_var in conftest.nm
configure:5553: gcc -c  -arch arm64e -Ofast -flto -g -fPIE -I/Users/sec/Downloads/libspeex/dependencies/include -isysroot /Volumes/WORK/Apps/Xcode.app/Contents/Developer/Platforms/iPhoneOS.platform/Developer/SDKs/iPhoneOS15.2.sdk  conftest.c >&5
configure:5556: $? = 0
configure:5560: nm conftest.o \| sed -n -e 's/^.*[ 	]\([BCDEGRST][BCDEGRST]*\)[ 	][ 	]*\(_\)\([_A-Za-z][_A-Za-z0-9]*\)$/\1 \2\3 \3/p' \> conftest.nm
configure:5563: $? = 0
configure:5615: gcc -o conftest  -arch arm64e -Ofast -flto -g -fPIE -I/Users/sec/Downloads/libspeex/dependencies/include -isysroot /Volumes/WORK/Apps/Xcode.app/Contents/Developer/Platforms/iPhoneOS.platform/Developer/SDKs/iPhoneOS15.2.sdk   -flto -fPIE -L/Users/sec/Downloads/libspeex/dependencies/lib conftest.c conftstm.o >&5
configure:5618: $? = 0
configure:5656: result: ok
configure:5660: checking for objdir
configure:5675: result: .libs
configure:5727: checking for arm-apple-darwin-ar
configure:5756: result: no
configure:5765: checking for ar
configure:5781: found /usr/bin/ar
configure:5792: result: ar
configure:5807: checking for arm-apple-darwin-ranlib
configure:5836: result: no
configure:5845: checking for ranlib
configure:5861: found /usr/bin/ranlib
configure:5872: result: ranlib
configure:5887: checking for arm-apple-darwin-strip
configure:5913: result: strip
configure:6214: checking if gcc static flag  works
configure:6237: result: yes
configure:6255: checking if gcc supports -fno-rtti -fno-exceptions
configure:6273: gcc -c  -arch arm64e -Ofast -flto -g -fPIE -I/Users/sec/Downloads/libspeex/dependencies/include -isysroot /Volumes/WORK/Apps/Xcode.app/Contents/Developer/Platforms/iPhoneOS.platform/Developer/SDKs/iPhoneOS15.2.sdk  -fno-rtti -fno-exceptions conftest.c >&5
configure:6277: $? = 0
configure:6288: result: yes
configure:6303: checking for gcc option to produce PIC
configure:6480: result: -fno-common
configure:6488: checking if gcc PIC flag -fno-common works
configure:6506: gcc -c  -arch arm64e -Ofast -flto -g -fPIE -I/Users/sec/Downloads/libspeex/dependencies/include -isysroot /Volumes/WORK/Apps/Xcode.app/Contents/Developer/Platforms/iPhoneOS.platform/Developer/SDKs/iPhoneOS15.2.sdk  -fno-common -DPIC conftest.c >&5
configure:6510: $? = 0
configure:6521: result: yes
configure:6545: checking if gcc supports -c -o file.o
configure:6566: gcc -c  -arch arm64e -Ofast -flto -g -fPIE -I/Users/sec/Downloads/libspeex/dependencies/include -isysroot /Volumes/WORK/Apps/Xcode.app/Contents/Developer/Platforms/iPhoneOS.platform/Developer/SDKs/iPhoneOS15.2.sdk  -o out/conftest2.o conftest.c >&5
configure:6570: $? = 0
configure:6590: result: yes
configure:6616: checking whether the gcc linker (/Library/Developer/CommandLineTools/usr/bin/ld) supports shared libraries
configure:7463: result: yes
configure:7534: checking dynamic linker characteristics
configure:8086: result: darwin dyld
configure:8090: checking how to hardcode library paths into programs
configure:8115: result: immediate
configure:8129: checking whether stripping libraries is possible
configure:8142: result: yes
configure:8957: checking if libtool supports shared libraries
configure:8959: result: yes
configure:8962: checking whether to build shared libraries
configure:9020: result: no
configure:9023: checking whether to build static libraries
configure:9027: result: yes
configure:9119: creating libtool
configure:9666: checking for ld used by g++
configure:9733: result: /Library/Developer/CommandLineTools/usr/bin/ld
configure:9742: checking if the linker (/Library/Developer/CommandLineTools/usr/bin/ld) is GNU ld
configure:9757: result: no
configure:9808: checking whether the g++ linker (/Library/Developer/CommandLineTools/usr/bin/ld) supports shared libraries
configure:10634: result: yes
configure:10652: g++ -c -g -O2  conftest.cc >&5
configure:10655: $? = 0
configure:10751: checking for g++ option to produce PIC
configure:11003: result: -fno-common
configure:11011: checking if g++ PIC flag -fno-common works
configure:11029: g++ -c -g -O2  -fno-common -DPIC conftest.cc >&5
configure:11033: $? = 0
configure:11044: result: yes
configure:11068: checking if g++ supports -c -o file.o
configure:11089: g++ -c -g -O2  -o out/conftest2.o conftest.cc >&5
configure:11093: $? = 0
configure:11113: result: yes
configure:11139: checking whether the g++ linker (/Library/Developer/CommandLineTools/usr/bin/ld) supports shared libraries
configure:11167: result: yes
configure:11238: checking dynamic linker characteristics
configure:11790: result: darwin dyld
configure:11794: checking how to hardcode library paths into programs
configure:11819: result: immediate
configure:11833: checking whether stripping libraries is possible
configure:11846: result: yes
configure:13138: checking if libtool supports shared libraries
configure:13140: result: yes
configure:13143: checking whether to build shared libraries
configure:13161: result: no
configure:13164: checking whether to build static libraries
configure:13168: result: yes
configure:13180: checking for gfortran option to produce PIC
configure:13357: result: -fno-common
configure:13365: checking if gfortran PIC flag -fno-common works
configure:13383: gfortran -c -g -O2 -fno-common conftest.f >&5
configure:13387: $? = 0
configure:13398: result: yes
configure:13422: checking if gfortran supports -c -o file.o
configure:13443: gfortran -c -g -O2 -o out/conftest2.o conftest.f >&5
configure:13447: $? = 0
configure:13467: result: yes
configure:13493: checking whether the gfortran linker (/Library/Developer/CommandLineTools/usr/bin/ld) supports shared libraries
configure:14320: result: yes
configure:14391: checking dynamic linker characteristics
configure:14943: result: darwin dyld
configure:14947: checking how to hardcode library paths into programs
configure:14972: result: immediate
configure:14986: checking whether stripping libraries is possible
configure:14999: result: yes
configure:19082: checking whether byte ordering is bigendian
configure:19109: gcc -c  -arch arm64e -Ofast -flto -g -fPIE -I/Users/sec/Downloads/libspeex/dependencies/include -isysroot /Volumes/WORK/Apps/Xcode.app/Contents/Developer/Platforms/iPhoneOS.platform/Developer/SDKs/iPhoneOS15.2.sdk  conftest.c >&5
configure:19115: $? = 0
configure:19118: test -z 			 || test ! -s conftest.err
configure:19121: $? = 0
configure:19124: test -s conftest.o
configure:19127: $? = 0
configure:19151: gcc -c  -arch arm64e -Ofast -flto -g -fPIE -I/Users/sec/Downloads/libspeex/dependencies/include -isysroot /Volumes/WORK/Apps/Xcode.app/Contents/Developer/Platforms/iPhoneOS.platform/Developer/SDKs/iPhoneOS15.2.sdk  conftest.c >&5
conftest.c:30:2: error: use of undeclared identifier 'not'
 not big endian
 ^
1 error generated.
configure:19157: $? = 1
configure: failed program was:
| /* confdefs.h.  */
| 
| #define PACKAGE_NAME ""
| #define PACKAGE_TARNAME ""
| #define PACKAGE_VERSION ""
| #define PACKAGE_STRING ""
| #define PACKAGE_BUGREPORT ""
| #define STDC_HEADERS 1
| #define HAVE_SYS_TYPES_H 1
| #define HAVE_SYS_STAT_H 1
| #define HAVE_STDLIB_H 1
| #define HAVE_STRING_H 1
| #define HAVE_MEMORY_H 1
| #define HAVE_STRINGS_H 1
| #define HAVE_INTTYPES_H 1
| #define HAVE_STDINT_H 1
| #define HAVE_UNISTD_H 1
| #define HAVE_DLFCN_H 1
| #ifdef __cplusplus
| extern "C" void exit (int);
| #endif
| /* end confdefs.h.  */
| #include <sys/types.h>
| #include <sys/param.h>
| 
| int
| main ()
| {
| #if BYTE_ORDER != BIG_ENDIAN
|  not big endian
| #endif
| 
|   ;
|   return 0;
| }
configure:19290: result: no
configure:19309: checking for an ANSI C-conforming const
configure:19376: gcc -c  -arch arm64e -Ofast -flto -g -fPIE -I/Users/sec/Downloads/libspeex/dependencies/include -isysroot /Volumes/WORK/Apps/Xcode.app/Contents/Developer/Platforms/iPhoneOS.platform/Developer/SDKs/iPhoneOS15.2.sdk  conftest.c >&5
configure:19382: $? = 0
configure:19385: test -z 			 || test ! -s conftest.err
configure:19388: $? = 0
configure:19391: test -s conftest.o
configure:19394: $? = 0
configure:19405: result: yes
configure:19415: checking for inline
configure:19436: gcc -c  -arch arm64e -Ofast -flto -g -fPIE -I/Users/sec/Downloads/libspeex/dependencies/include -isysroot /Volumes/WORK/Apps/Xcode.app/Contents/Developer/Platforms/iPhoneOS.platform/Developer/SDKs/iPhoneOS15.2.sdk  conftest.c >&5
configure:19442: $? = 0
configure:19445: test -z 			 || test ! -s conftest.err
configure:19448: $? = 0
configure:19451: test -s conftest.o
configure:19454: $? = 0
configure:19466: result: inline
configure:19485: checking for C/C++ restrict keyword
configure:19503: gcc -c  -arch arm64e -Ofast -flto -g -fPIE -I/Users/sec/Downloads/libspeex/dependencies/include -isysroot /Volumes/WORK/Apps/Xcode.app/Contents/Developer/Platforms/iPhoneOS.platform/Developer/SDKs/iPhoneOS15.2.sdk  conftest.c >&5
configure:19509: $? = 0
configure:19512: test -z 			 || test ! -s conftest.err
configure:19515: $? = 0
configure:19518: test -s conftest.o
configure:19521: $? = 0
configure:19533: result: restrict
configure:19550: checking for C99 variable-size arrays
configure:19571: gcc -c  -arch arm64e -Ofast -flto -g -fPIE -I/Users/sec/Downloads/libspeex/dependencies/include -isysroot /Volumes/WORK/Apps/Xcode.app/Contents/Developer/Platforms/iPhoneOS.platform/Developer/SDKs/iPhoneOS15.2.sdk  conftest.c >&5
configure:19577: $? = 0
configure:19580: test -z 			 || test ! -s conftest.err
configure:19583: $? = 0
configure:19586: test -s conftest.o
configure:19589: $? = 0
configure:19605: result: yes
configure:19608: checking for alloca
configure:19629: gcc -c  -arch arm64e -Ofast -flto -g -fPIE -I/Users/sec/Downloads/libspeex/dependencies/include -isysroot /Volumes/WORK/Apps/Xcode.app/Contents/Developer/Platforms/iPhoneOS.platform/Developer/SDKs/iPhoneOS15.2.sdk  conftest.c >&5
configure:19635: $? = 0
configure:19638: test -z 			 || test ! -s conftest.err
configure:19641: $? = 0
configure:19644: test -s conftest.o
configure:19647: $? = 0
configure:19667: result: yes
configure:19686: checking sys/soundcard.h usability
configure:19698: gcc -c  -arch arm64e -Ofast -flto -g -fPIE -I/Users/sec/Downloads/libspeex/dependencies/include -isysroot /Volumes/WORK/Apps/Xcode.app/Contents/Developer/Platforms/iPhoneOS.platform/Developer/SDKs/iPhoneOS15.2.sdk  conftest.c >&5
conftest.c:58:10: fatal error: 'sys/soundcard.h' file not found
#include <sys/soundcard.h>
         ^~~~~~~~~~~~~~~~~
1 error generated.
configure:19704: $? = 1
configure: failed program was:
| /* confdefs.h.  */
| 
| #define PACKAGE_NAME ""
| #define PACKAGE_TARNAME ""
| #define PACKAGE_VERSION ""
| #define PACKAGE_STRING ""
| #define PACKAGE_BUGREPORT ""
| #define STDC_HEADERS 1
| #define HAVE_SYS_TYPES_H 1
| #define HAVE_SYS_STAT_H 1
| #define HAVE_STDLIB_H 1
| #define HAVE_STRING_H 1
| #define HAVE_MEMORY_H 1
| #define HAVE_STRINGS_H 1
| #define HAVE_INTTYPES_H 1
| #define HAVE_STDINT_H 1
| #define HAVE_UNISTD_H 1
| #define HAVE_DLFCN_H 1
| #ifdef __cplusplus
| extern "C" void exit (int);
| #endif
| #define VAR_ARRAYS
| /* end confdefs.h.  */
| #include <stdio.h>
| #if HAVE_SYS_TYPES_H
| # include <sys/types.h>
| #endif
| #if HAVE_SYS_STAT_H
| # include <sys/stat.h>
| #endif
| #if STDC_HEADERS
| # include <stdlib.h>
| # include <stddef.h>
| #else
| # if HAVE_STDLIB_H
| #  include <stdlib.h>
| # endif
| #endif
| #if HAVE_STRING_H
| # if !STDC_HEADERS && HAVE_MEMORY_H
| #  include <memory.h>
| # endif
| # include <string.h>
| #endif
| #if HAVE_STRINGS_H
| # include <strings.h>
| #endif
| #if HAVE_INTTYPES_H
| # include <inttypes.h>
| #else
| # if HAVE_STDINT_H
| #  include <stdint.h>
| # endif
| #endif
| #if HAVE_UNISTD_H
| # include <unistd.h>
| #endif
| #include <sys/soundcard.h>
configure:19726: result: no
configure:19730: checking sys/soundcard.h presence
configure:19740: gcc -E  conftest.c
conftest.c:24:10: fatal error: 'sys/soundcard.h' file not found
#include <sys/soundcard.h>
         ^~~~~~~~~~~~~~~~~
1 error generated.
configure:19746: $? = 1
configure: failed program was:
| /* confdefs.h.  */
| 
| #define PACKAGE_NAME ""
| #define PACKAGE_TARNAME ""
| #define PACKAGE_VERSION ""
| #define PACKAGE_STRING ""
| #define PACKAGE_BUGREPORT ""
| #define STDC_HEADERS 1
| #define HAVE_SYS_TYPES_H 1
| #define HAVE_SYS_STAT_H 1
| #define HAVE_STDLIB_H 1
| #define HAVE_STRING_H 1
| #define HAVE_MEMORY_H 1
| #define HAVE_STRINGS_H 1
| #define HAVE_INTTYPES_H 1
| #define HAVE_STDINT_H 1
| #define HAVE_UNISTD_H 1
| #define HAVE_DLFCN_H 1
| #ifdef __cplusplus
| extern "C" void exit (int);
| #endif
| #define VAR_ARRAYS
| /* end confdefs.h.  */
| #include <sys/soundcard.h>
configure:19766: result: no
configure:19801: checking for sys/soundcard.h
configure:19808: result: no
configure:19686: checking sys/audioio.h usability
configure:19698: gcc -c  -arch arm64e -Ofast -flto -g -fPIE -I/Users/sec/Downloads/libspeex/dependencies/include -isysroot /Volumes/WORK/Apps/Xcode.app/Contents/Developer/Platforms/iPhoneOS.platform/Developer/SDKs/iPhoneOS15.2.sdk  conftest.c >&5
conftest.c:58:10: fatal error: 'sys/audioio.h' file not found
#include <sys/audioio.h>
         ^~~~~~~~~~~~~~~
1 error generated.
configure:19704: $? = 1
configure: failed program was:
| /* confdefs.h.  */
| 
| #define PACKAGE_NAME ""
| #define PACKAGE_TARNAME ""
| #define PACKAGE_VERSION ""
| #define PACKAGE_STRING ""
| #define PACKAGE_BUGREPORT ""
| #define STDC_HEADERS 1
| #define HAVE_SYS_TYPES_H 1
| #define HAVE_SYS_STAT_H 1
| #define HAVE_STDLIB_H 1
| #define HAVE_STRING_H 1
| #define HAVE_MEMORY_H 1
| #define HAVE_STRINGS_H 1
| #define HAVE_INTTYPES_H 1
| #define HAVE_STDINT_H 1
| #define HAVE_UNISTD_H 1
| #define HAVE_DLFCN_H 1
| #ifdef __cplusplus
| extern "C" void exit (int);
| #endif
| #define VAR_ARRAYS
| /* end confdefs.h.  */
| #include <stdio.h>
| #if HAVE_SYS_TYPES_H
| # include <sys/types.h>
| #endif
| #if HAVE_SYS_STAT_H
| # include <sys/stat.h>
| #endif
| #if STDC_HEADERS
| # include <stdlib.h>
| # include <stddef.h>
| #else
| # if HAVE_STDLIB_H
| #  include <stdlib.h>
| # endif
| #endif
| #if HAVE_STRING_H
| # if !STDC_HEADERS && HAVE_MEMORY_H
| #  include <memory.h>
| # endif
| # include <string.h>
| #endif
| #if HAVE_STRINGS_H
| # include <strings.h>
| #endif
| #if HAVE_INTTYPES_H
| # include <inttypes.h>
| #else
| # if HAVE_STDINT_H
| #  include <stdint.h>
| # endif
| #endif
| #if HAVE_UNISTD_H
| # include <unistd.h>
| #endif
| #include <sys/audioio.h>
configure:19726: result: no
configure:19730: checking sys/audioio.h presence
configure:19740: gcc -E  conftest.c
conftest.c:24:10: fatal error: 'sys/audioio.h' file not found
#include <sys/audioio.h>
         ^~~~~~~~~~~~~~~
1 error generated.
configure:19746: $? = 1
configure: failed program was:
| /* confdefs.h.  */
| 
| #define PACKAGE_NAME ""
| #define PACKAGE_TARNAME ""
| #define PACKAGE_VERSION ""
| #define PACKAGE_STRING ""
| #define PACKAGE_BUGREPORT ""
| #define STDC_HEADERS 1
| #define HAVE_SYS_TYPES_H 1
| #define HAVE_SYS_STAT_H 1
| #define HAVE_STDLIB_H 1
| #define HAVE_STRING_H 1
| #define HAVE_MEMORY_H 1
| #define HAVE_STRINGS_H 1
| #define HAVE_INTTYPES_H 1
| #define HAVE_STDINT_H 1
| #define HAVE_UNISTD_H 1
| #define HAVE_DLFCN_H 1
| #ifdef __cplusplus
| extern "C" void exit (int);
| #endif
| #define VAR_ARRAYS
| /* end confdefs.h.  */
| #include <sys/audioio.h>
configure:19766: result: no
configure:19801: checking for sys/audioio.h
configure:19808: result: no
configure:19872: checking for Ogg
configure:19933: result: yes
configure:20017: checking for sin in -lm
configure:20047: gcc -o conftest  -arch arm64e -Ofast -flto -g -fPIE -I/Users/sec/Downloads/libspeex/dependencies/include -isysroot /Volumes/WORK/Apps/Xcode.app/Contents/Developer/Platforms/iPhoneOS.platform/Developer/SDKs/iPhoneOS15.2.sdk   -flto -fPIE -L/Users/sec/Downloads/libspeex/dependencies/lib conftest.c -lm   >&5
conftest.c:31:6: warning: incompatible redeclaration of library function 'sin' [-Wincompatible-library-redeclaration]
char sin ();
     ^
conftest.c:31:6: note: 'sin' is a builtin with type 'double (double)'
1 warning generated.
configure:20053: $? = 0
configure:20056: test -z 			 || test ! -s conftest.err
configure:20059: $? = 0
configure:20062: test -s conftest
configure:20065: $? = 0
configure:20078: result: yes
configure:20095: checking for getopt_long
configure:20152: gcc -o conftest  -arch arm64e -Ofast -flto -g -fPIE -I/Users/sec/Downloads/libspeex/dependencies/include -isysroot /Volumes/WORK/Apps/Xcode.app/Contents/Developer/Platforms/iPhoneOS.platform/Developer/SDKs/iPhoneOS15.2.sdk   -flto -fPIE -L/Users/sec/Downloads/libspeex/dependencies/lib conftest.c -lm  >&5
configure:20158: $? = 0
configure:20161: test -z 			 || test ! -s conftest.err
configure:20164: $? = 0
configure:20167: test -s conftest
configure:20170: $? = 0
configure:20182: result: yes
configure:20284: checking for main in -lwinmm
configure:20308: gcc -o conftest  -arch arm64e -Ofast -flto -g -fPIE -I/Users/sec/Downloads/libspeex/dependencies/include -isysroot /Volumes/WORK/Apps/Xcode.app/Contents/Developer/Platforms/iPhoneOS.platform/Developer/SDKs/iPhoneOS15.2.sdk   -flto -fPIE -L/Users/sec/Downloads/libspeex/dependencies/lib conftest.c -lwinmm  -lm  >&5
ld: library not found for -lwinmm
clang: error: linker command failed with exit code 1 (use -v to see invocation)
configure:20314: $? = 1
configure: failed program was:
| /* confdefs.h.  */
| 
| #define PACKAGE_NAME ""
| #define PACKAGE_TARNAME ""
| #define PACKAGE_VERSION ""
| #define PACKAGE_STRING ""
| #define PACKAGE_BUGREPORT ""
| #define STDC_HEADERS 1
| #define HAVE_SYS_TYPES_H 1
| #define HAVE_SYS_STAT_H 1
| #define HAVE_STDLIB_H 1
| #define HAVE_STRING_H 1
| #define HAVE_MEMORY_H 1
| #define HAVE_STRINGS_H 1
| #define HAVE_INTTYPES_H 1
| #define HAVE_STDINT_H 1
| #define HAVE_UNISTD_H 1
| #define HAVE_DLFCN_H 1
| #ifdef __cplusplus
| extern "C" void exit (int);
| #endif
| #define VAR_ARRAYS
| #define HAVE_LIBM 1
| #define HAVE_GETOPT_LONG 1
| /* end confdefs.h.  */
| 
| 
| int
| main ()
| {
| main ();
|   ;
|   return 0;
| }
configure:20339: result: no
configure:20512: checking for short
configure:20536: gcc -c  -arch arm64e -Ofast -flto -g -fPIE -I/Users/sec/Downloads/libspeex/dependencies/include -isysroot /Volumes/WORK/Apps/Xcode.app/Contents/Developer/Platforms/iPhoneOS.platform/Developer/SDKs/iPhoneOS15.2.sdk  conftest.c >&5
configure:20542: $? = 0
configure:20545: test -z 			 || test ! -s conftest.err
configure:20548: $? = 0
configure:20551: test -s conftest.o
configure:20554: $? = 0
configure:20565: result: yes
configure:20568: checking size of short
configure:20598: gcc -c  -arch arm64e -Ofast -flto -g -fPIE -I/Users/sec/Downloads/libspeex/dependencies/include -isysroot /Volumes/WORK/Apps/Xcode.app/Contents/Developer/Platforms/iPhoneOS.platform/Developer/SDKs/iPhoneOS15.2.sdk  conftest.c >&5
configure:20604: $? = 0
configure:20607: test -z 			 || test ! -s conftest.err
configure:20610: $? = 0
configure:20613: test -s conftest.o
configure:20616: $? = 0
configure:20638: gcc -c  -arch arm64e -Ofast -flto -g -fPIE -I/Users/sec/Downloads/libspeex/dependencies/include -isysroot /Volumes/WORK/Apps/Xcode.app/Contents/Developer/Platforms/iPhoneOS.platform/Developer/SDKs/iPhoneOS15.2.sdk  conftest.c >&5
conftest.c:68:24: error: 'test_array' declared as an array with a negative size
static int test_array [1 - 2 * !(((long) (sizeof (short))) <= 0)];
                       ^~~~~~~~~~~~~~~~~~~~~~~~~~~~~~~~~~~~~~~~~
1 error generated.
configure:20644: $? = 1
configure: failed program was:
| /* confdefs.h.  */
| 
| #define PACKAGE_NAME ""
| #define PACKAGE_TARNAME ""
| #define PACKAGE_VERSION ""
| #define PACKAGE_STRING ""
| #define PACKAGE_BUGREPORT ""
| #define STDC_HEADERS 1
| #define HAVE_SYS_TYPES_H 1
| #define HAVE_SYS_STAT_H 1
| #define HAVE_STDLIB_H 1
| #define HAVE_STRING_H 1
| #define HAVE_MEMORY_H 1
| #define HAVE_STRINGS_H 1
| #define HAVE_INTTYPES_H 1
| #define HAVE_STDINT_H 1
| #define HAVE_UNISTD_H 1
| #define HAVE_DLFCN_H 1
| #ifdef __cplusplus
| extern "C" void exit (int);
| #endif
| #define VAR_ARRAYS
| #define HAVE_LIBM 1
| #define HAVE_GETOPT_LONG 1
| #define SPEEX_VERSION "1.1.11"
| #define SPEEX_MAJOR_VERSION 1
| #define SPEEX_MINOR_VERSION 1
| #define SPEEX_MICRO_VERSION 11
| #define SPEEX_EXTRA_VERSION ""
| /* end confdefs.h.  */
| #include <stdio.h>
| #if HAVE_SYS_TYPES_H
| # include <sys/types.h>
| #endif
| #if HAVE_SYS_STAT_H
| # include <sys/stat.h>
| #endif
| #if STDC_HEADERS
| # include <stdlib.h>
| # include <stddef.h>
| #else
| # if HAVE_STDLIB_H
| #  include <stdlib.h>
| # endif
| #endif
| #if HAVE_STRING_H
| # if !STDC_HEADERS && HAVE_MEMORY_H
| #  include <memory.h>
| # endif
| # include <string.h>
| #endif
| #if HAVE_STRINGS_H
| # include <strings.h>
| #endif
| #if HAVE_INTTYPES_H
| # include <inttypes.h>
| #else
| # if HAVE_STDINT_H
| #  include <stdint.h>
| # endif
| #endif
| #if HAVE_UNISTD_H
| # include <unistd.h>
| #endif
| int
| main ()
| {
| static int test_array [1 - 2 * !(((long) (sizeof (short))) <= 0)];
| test_array [0] = 0
| 
|   ;
|   return 0;
| }
configure:20638: gcc -c  -arch arm64e -Ofast -flto -g -fPIE -I/Users/sec/Downloads/libspeex/dependencies/include -isysroot /Volumes/WORK/Apps/Xcode.app/Contents/Developer/Platforms/iPhoneOS.platform/Developer/SDKs/iPhoneOS15.2.sdk  conftest.c >&5
conftest.c:68:24: error: 'test_array' declared as an array with a negative size
static int test_array [1 - 2 * !(((long) (sizeof (short))) <= 1)];
                       ^~~~~~~~~~~~~~~~~~~~~~~~~~~~~~~~~~~~~~~~~
1 error generated.
configure:20644: $? = 1
configure: failed program was:
| /* confdefs.h.  */
| 
| #define PACKAGE_NAME ""
| #define PACKAGE_TARNAME ""
| #define PACKAGE_VERSION ""
| #define PACKAGE_STRING ""
| #define PACKAGE_BUGREPORT ""
| #define STDC_HEADERS 1
| #define HAVE_SYS_TYPES_H 1
| #define HAVE_SYS_STAT_H 1
| #define HAVE_STDLIB_H 1
| #define HAVE_STRING_H 1
| #define HAVE_MEMORY_H 1
| #define HAVE_STRINGS_H 1
| #define HAVE_INTTYPES_H 1
| #define HAVE_STDINT_H 1
| #define HAVE_UNISTD_H 1
| #define HAVE_DLFCN_H 1
| #ifdef __cplusplus
| extern "C" void exit (int);
| #endif
| #define VAR_ARRAYS
| #define HAVE_LIBM 1
| #define HAVE_GETOPT_LONG 1
| #define SPEEX_VERSION "1.1.11"
| #define SPEEX_MAJOR_VERSION 1
| #define SPEEX_MINOR_VERSION 1
| #define SPEEX_MICRO_VERSION 11
| #define SPEEX_EXTRA_VERSION ""
| /* end confdefs.h.  */
| #include <stdio.h>
| #if HAVE_SYS_TYPES_H
| # include <sys/types.h>
| #endif
| #if HAVE_SYS_STAT_H
| # include <sys/stat.h>
| #endif
| #if STDC_HEADERS
| # include <stdlib.h>
| # include <stddef.h>
| #else
| # if HAVE_STDLIB_H
| #  include <stdlib.h>
| # endif
| #endif
| #if HAVE_STRING_H
| # if !STDC_HEADERS && HAVE_MEMORY_H
| #  include <memory.h>
| # endif
| # include <string.h>
| #endif
| #if HAVE_STRINGS_H
| # include <strings.h>
| #endif
| #if HAVE_INTTYPES_H
| # include <inttypes.h>
| #else
| # if HAVE_STDINT_H
| #  include <stdint.h>
| # endif
| #endif
| #if HAVE_UNISTD_H
| # include <unistd.h>
| #endif
| int
| main ()
| {
| static int test_array [1 - 2 * !(((long) (sizeof (short))) <= 1)];
| test_array [0] = 0
| 
|   ;
|   return 0;
| }
configure:20638: gcc -c  -arch arm64e -Ofast -flto -g -fPIE -I/Users/sec/Downloads/libspeex/dependencies/include -isysroot /Volumes/WORK/Apps/Xcode.app/Contents/Developer/Platforms/iPhoneOS.platform/Developer/SDKs/iPhoneOS15.2.sdk  conftest.c >&5
configure:20644: $? = 0
configure:20647: test -z 			 || test ! -s conftest.err
configure:20650: $? = 0
configure:20653: test -s conftest.o
configure:20656: $? = 0
configure:20798: gcc -c  -arch arm64e -Ofast -flto -g -fPIE -I/Users/sec/Downloads/libspeex/dependencies/include -isysroot /Volumes/WORK/Apps/Xcode.app/Contents/Developer/Platforms/iPhoneOS.platform/Developer/SDKs/iPhoneOS15.2.sdk  conftest.c >&5
configure:20804: $? = 0
configure:20807: test -z 			 || test ! -s conftest.err
configure:20810: $? = 0
configure:20813: test -s conftest.o
configure:20816: $? = 0
configure:20911: result: 2
configure:20918: checking for int
configure:20942: gcc -c  -arch arm64e -Ofast -flto -g -fPIE -I/Users/sec/Downloads/libspeex/dependencies/include -isysroot /Volumes/WORK/Apps/Xcode.app/Contents/Developer/Platforms/iPhoneOS.platform/Developer/SDKs/iPhoneOS15.2.sdk  conftest.c >&5
configure:20948: $? = 0
configure:20951: test -z 			 || test ! -s conftest.err
configure:20954: $? = 0
configure:20957: test -s conftest.o
configure:20960: $? = 0
configure:20971: result: yes
configure:20974: checking size of int
configure:21004: gcc -c  -arch arm64e -Ofast -flto -g -fPIE -I/Users/sec/Downloads/libspeex/dependencies/include -isysroot /Volumes/WORK/Apps/Xcode.app/Contents/Developer/Platforms/iPhoneOS.platform/Developer/SDKs/iPhoneOS15.2.sdk  conftest.c >&5
configure:21010: $? = 0
configure:21013: test -z 			 || test ! -s conftest.err
configure:21016: $? = 0
configure:21019: test -s conftest.o
configure:21022: $? = 0
configure:21044: gcc -c  -arch arm64e -Ofast -flto -g -fPIE -I/Users/sec/Downloads/libspeex/dependencies/include -isysroot /Volumes/WORK/Apps/Xcode.app/Contents/Developer/Platforms/iPhoneOS.platform/Developer/SDKs/iPhoneOS15.2.sdk  conftest.c >&5
conftest.c:69:24: error: 'test_array' declared as an array with a negative size
static int test_array [1 - 2 * !(((long) (sizeof (int))) <= 0)];
                       ^~~~~~~~~~~~~~~~~~~~~~~~~~~~~~~~~~~~~~~
1 error generated.
configure:21050: $? = 1
configure: failed program was:
| /* confdefs.h.  */
| 
| #define PACKAGE_NAME ""
| #define PACKAGE_TARNAME ""
| #define PACKAGE_VERSION ""
| #define PACKAGE_STRING ""
| #define PACKAGE_BUGREPORT ""
| #define STDC_HEADERS 1
| #define HAVE_SYS_TYPES_H 1
| #define HAVE_SYS_STAT_H 1
| #define HAVE_STDLIB_H 1
| #define HAVE_STRING_H 1
| #define HAVE_MEMORY_H 1
| #define HAVE_STRINGS_H 1
| #define HAVE_INTTYPES_H 1
| #define HAVE_STDINT_H 1
| #define HAVE_UNISTD_H 1
| #define HAVE_DLFCN_H 1
| #ifdef __cplusplus
| extern "C" void exit (int);
| #endif
| #define VAR_ARRAYS
| #define HAVE_LIBM 1
| #define HAVE_GETOPT_LONG 1
| #define SPEEX_VERSION "1.1.11"
| #define SPEEX_MAJOR_VERSION 1
| #define SPEEX_MINOR_VERSION 1
| #define SPEEX_MICRO_VERSION 11
| #define SPEEX_EXTRA_VERSION ""
| #define SIZEOF_SHORT 2
| /* end confdefs.h.  */
| #include <stdio.h>
| #if HAVE_SYS_TYPES_H
| # include <sys/types.h>
| #endif
| #if HAVE_SYS_STAT_H
| # include <sys/stat.h>
| #endif
| #if STDC_HEADERS
| # include <stdlib.h>
| # include <stddef.h>
| #else
| # if HAVE_STDLIB_H
| #  include <stdlib.h>
| # endif
| #endif
| #if HAVE_STRING_H
| # if !STDC_HEADERS && HAVE_MEMORY_H
| #  include <memory.h>
| # endif
| # include <string.h>
| #endif
| #if HAVE_STRINGS_H
| # include <strings.h>
| #endif
| #if HAVE_INTTYPES_H
| # include <inttypes.h>
| #else
| # if HAVE_STDINT_H
| #  include <stdint.h>
| # endif
| #endif
| #if HAVE_UNISTD_H
| # include <unistd.h>
| #endif
| int
| main ()
| {
| static int test_array [1 - 2 * !(((long) (sizeof (int))) <= 0)];
| test_array [0] = 0
| 
|   ;
|   return 0;
| }
configure:21044: gcc -c  -arch arm64e -Ofast -flto -g -fPIE -I/Users/sec/Downloads/libspeex/dependencies/include -isysroot /Volumes/WORK/Apps/Xcode.app/Contents/Developer/Platforms/iPhoneOS.platform/Developer/SDKs/iPhoneOS15.2.sdk  conftest.c >&5
conftest.c:69:24: error: 'test_array' declared as an array with a negative size
static int test_array [1 - 2 * !(((long) (sizeof (int))) <= 1)];
                       ^~~~~~~~~~~~~~~~~~~~~~~~~~~~~~~~~~~~~~~
1 error generated.
configure:21050: $? = 1
configure: failed program was:
| /* confdefs.h.  */
| 
| #define PACKAGE_NAME ""
| #define PACKAGE_TARNAME ""
| #define PACKAGE_VERSION ""
| #define PACKAGE_STRING ""
| #define PACKAGE_BUGREPORT ""
| #define STDC_HEADERS 1
| #define HAVE_SYS_TYPES_H 1
| #define HAVE_SYS_STAT_H 1
| #define HAVE_STDLIB_H 1
| #define HAVE_STRING_H 1
| #define HAVE_MEMORY_H 1
| #define HAVE_STRINGS_H 1
| #define HAVE_INTTYPES_H 1
| #define HAVE_STDINT_H 1
| #define HAVE_UNISTD_H 1
| #define HAVE_DLFCN_H 1
| #ifdef __cplusplus
| extern "C" void exit (int);
| #endif
| #define VAR_ARRAYS
| #define HAVE_LIBM 1
| #define HAVE_GETOPT_LONG 1
| #define SPEEX_VERSION "1.1.11"
| #define SPEEX_MAJOR_VERSION 1
| #define SPEEX_MINOR_VERSION 1
| #define SPEEX_MICRO_VERSION 11
| #define SPEEX_EXTRA_VERSION ""
| #define SIZEOF_SHORT 2
| /* end confdefs.h.  */
| #include <stdio.h>
| #if HAVE_SYS_TYPES_H
| # include <sys/types.h>
| #endif
| #if HAVE_SYS_STAT_H
| # include <sys/stat.h>
| #endif
| #if STDC_HEADERS
| # include <stdlib.h>
| # include <stddef.h>
| #else
| # if HAVE_STDLIB_H
| #  include <stdlib.h>
| # endif
| #endif
| #if HAVE_STRING_H
| # if !STDC_HEADERS && HAVE_MEMORY_H
| #  include <memory.h>
| # endif
| # include <string.h>
| #endif
| #if HAVE_STRINGS_H
| # include <strings.h>
| #endif
| #if HAVE_INTTYPES_H
| # include <inttypes.h>
| #else
| # if HAVE_STDINT_H
| #  include <stdint.h>
| # endif
| #endif
| #if HAVE_UNISTD_H
| # include <unistd.h>
| #endif
| int
| main ()
| {
| static int test_array [1 - 2 * !(((long) (sizeof (int))) <= 1)];
| test_array [0] = 0
| 
|   ;
|   return 0;
| }
configure:21044: gcc -c  -arch arm64e -Ofast -flto -g -fPIE -I/Users/sec/Downloads/libspeex/dependencies/include -isysroot /Volumes/WORK/Apps/Xcode.app/Contents/Developer/Platforms/iPhoneOS.platform/Developer/SDKs/iPhoneOS15.2.sdk  conftest.c >&5
conftest.c:69:24: error: 'test_array' declared as an array with a negative size
static int test_array [1 - 2 * !(((long) (sizeof (int))) <= 3)];
                       ^~~~~~~~~~~~~~~~~~~~~~~~~~~~~~~~~~~~~~~
1 error generated.
configure:21050: $? = 1
configure: failed program was:
| /* confdefs.h.  */
| 
| #define PACKAGE_NAME ""
| #define PACKAGE_TARNAME ""
| #define PACKAGE_VERSION ""
| #define PACKAGE_STRING ""
| #define PACKAGE_BUGREPORT ""
| #define STDC_HEADERS 1
| #define HAVE_SYS_TYPES_H 1
| #define HAVE_SYS_STAT_H 1
| #define HAVE_STDLIB_H 1
| #define HAVE_STRING_H 1
| #define HAVE_MEMORY_H 1
| #define HAVE_STRINGS_H 1
| #define HAVE_INTTYPES_H 1
| #define HAVE_STDINT_H 1
| #define HAVE_UNISTD_H 1
| #define HAVE_DLFCN_H 1
| #ifdef __cplusplus
| extern "C" void exit (int);
| #endif
| #define VAR_ARRAYS
| #define HAVE_LIBM 1
| #define HAVE_GETOPT_LONG 1
| #define SPEEX_VERSION "1.1.11"
| #define SPEEX_MAJOR_VERSION 1
| #define SPEEX_MINOR_VERSION 1
| #define SPEEX_MICRO_VERSION 11
| #define SPEEX_EXTRA_VERSION ""
| #define SIZEOF_SHORT 2
| /* end confdefs.h.  */
| #include <stdio.h>
| #if HAVE_SYS_TYPES_H
| # include <sys/types.h>
| #endif
| #if HAVE_SYS_STAT_H
| # include <sys/stat.h>
| #endif
| #if STDC_HEADERS
| # include <stdlib.h>
| # include <stddef.h>
| #else
| # if HAVE_STDLIB_H
| #  include <stdlib.h>
| # endif
| #endif
| #if HAVE_STRING_H
| # if !STDC_HEADERS && HAVE_MEMORY_H
| #  include <memory.h>
| # endif
| # include <string.h>
| #endif
| #if HAVE_STRINGS_H
| # include <strings.h>
| #endif
| #if HAVE_INTTYPES_H
| # include <inttypes.h>
| #else
| # if HAVE_STDINT_H
| #  include <stdint.h>
| # endif
| #endif
| #if HAVE_UNISTD_H
| # include <unistd.h>
| #endif
| int
| main ()
| {
| static int test_array [1 - 2 * !(((long) (sizeof (int))) <= 3)];
| test_array [0] = 0
| 
|   ;
|   return 0;
| }
configure:21044: gcc -c  -arch arm64e -Ofast -flto -g -fPIE -I/Users/sec/Downloads/libspeex/dependencies/include -isysroot /Volumes/WORK/Apps/Xcode.app/Contents/Developer/Platforms/iPhoneOS.platform/Developer/SDKs/iPhoneOS15.2.sdk  conftest.c >&5
configure:21050: $? = 0
configure:21053: test -z 			 || test ! -s conftest.err
configure:21056: $? = 0
configure:21059: test -s conftest.o
configure:21062: $? = 0
configure:21204: gcc -c  -arch arm64e -Ofast -flto -g -fPIE -I/Users/sec/Downloads/libspeex/dependencies/include -isysroot /Volumes/WORK/Apps/Xcode.app/Contents/Developer/Platforms/iPhoneOS.platform/Developer/SDKs/iPhoneOS15.2.sdk  conftest.c >&5
configure:21210: $? = 0
configure:21213: test -z 			 || test ! -s conftest.err
configure:21216: $? = 0
configure:21219: test -s conftest.o
configure:21222: $? = 0
configure:21204: gcc -c  -arch arm64e -Ofast -flto -g -fPIE -I/Users/sec/Downloads/libspeex/dependencies/include -isysroot /Volumes/WORK/Apps/Xcode.app/Contents/Developer/Platforms/iPhoneOS.platform/Developer/SDKs/iPhoneOS15.2.sdk  conftest.c >&5
configure:21210: $? = 0
configure:21213: test -z 			 || test ! -s conftest.err
configure:21216: $? = 0
configure:21219: test -s conftest.o
configure:21222: $? = 0
configure:21317: result: 4
configure:21324: checking for long
configure:21348: gcc -c  -arch arm64e -Ofast -flto -g -fPIE -I/Users/sec/Downloads/libspeex/dependencies/include -isysroot /Volumes/WORK/Apps/Xcode.app/Contents/Developer/Platforms/iPhoneOS.platform/Developer/SDKs/iPhoneOS15.2.sdk  conftest.c >&5
configure:21354: $? = 0
configure:21357: test -z 			 || test ! -s conftest.err
configure:21360: $? = 0
configure:21363: test -s conftest.o
configure:21366: $? = 0
configure:21377: result: yes
configure:21380: checking size of long
configure:21410: gcc -c  -arch arm64e -Ofast -flto -g -fPIE -I/Users/sec/Downloads/libspeex/dependencies/include -isysroot /Volumes/WORK/Apps/Xcode.app/Contents/Developer/Platforms/iPhoneOS.platform/Developer/SDKs/iPhoneOS15.2.sdk  conftest.c >&5
configure:21416: $? = 0
configure:21419: test -z 			 || test ! -s conftest.err
configure:21422: $? = 0
configure:21425: test -s conftest.o
configure:21428: $? = 0
configure:21450: gcc -c  -arch arm64e -Ofast -flto -g -fPIE -I/Users/sec/Downloads/libspeex/dependencies/include -isysroot /Volumes/WORK/Apps/Xcode.app/Contents/Developer/Platforms/iPhoneOS.platform/Developer/SDKs/iPhoneOS15.2.sdk  conftest.c >&5
conftest.c:70:24: error: 'test_array' declared as an array with a negative size
static int test_array [1 - 2 * !(((long) (sizeof (long))) <= 0)];
                       ^~~~~~~~~~~~~~~~~~~~~~~~~~~~~~~~~~~~~~~~
1 error generated.
configure:21456: $? = 1
configure: failed program was:
| /* confdefs.h.  */
| 
| #define PACKAGE_NAME ""
| #define PACKAGE_TARNAME ""
| #define PACKAGE_VERSION ""
| #define PACKAGE_STRING ""
| #define PACKAGE_BUGREPORT ""
| #define STDC_HEADERS 1
| #define HAVE_SYS_TYPES_H 1
| #define HAVE_SYS_STAT_H 1
| #define HAVE_STDLIB_H 1
| #define HAVE_STRING_H 1
| #define HAVE_MEMORY_H 1
| #define HAVE_STRINGS_H 1
| #define HAVE_INTTYPES_H 1
| #define HAVE_STDINT_H 1
| #define HAVE_UNISTD_H 1
| #define HAVE_DLFCN_H 1
| #ifdef __cplusplus
| extern "C" void exit (int);
| #endif
| #define VAR_ARRAYS
| #define HAVE_LIBM 1
| #define HAVE_GETOPT_LONG 1
| #define SPEEX_VERSION "1.1.11"
| #define SPEEX_MAJOR_VERSION 1
| #define SPEEX_MINOR_VERSION 1
| #define SPEEX_MICRO_VERSION 11
| #define SPEEX_EXTRA_VERSION ""
| #define SIZEOF_SHORT 2
| #define SIZEOF_INT 4
| /* end confdefs.h.  */
| #include <stdio.h>
| #if HAVE_SYS_TYPES_H
| # include <sys/types.h>
| #endif
| #if HAVE_SYS_STAT_H
| # include <sys/stat.h>
| #endif
| #if STDC_HEADERS
| # include <stdlib.h>
| # include <stddef.h>
| #else
| # if HAVE_STDLIB_H
| #  include <stdlib.h>
| # endif
| #endif
| #if HAVE_STRING_H
| # if !STDC_HEADERS && HAVE_MEMORY_H
| #  include <memory.h>
| # endif
| # include <string.h>
| #endif
| #if HAVE_STRINGS_H
| # include <strings.h>
| #endif
| #if HAVE_INTTYPES_H
| # include <inttypes.h>
| #else
| # if HAVE_STDINT_H
| #  include <stdint.h>
| # endif
| #endif
| #if HAVE_UNISTD_H
| # include <unistd.h>
| #endif
| int
| main ()
| {
| static int test_array [1 - 2 * !(((long) (sizeof (long))) <= 0)];
| test_array [0] = 0
| 
|   ;
|   return 0;
| }
configure:21450: gcc -c  -arch arm64e -Ofast -flto -g -fPIE -I/Users/sec/Downloads/libspeex/dependencies/include -isysroot /Volumes/WORK/Apps/Xcode.app/Contents/Developer/Platforms/iPhoneOS.platform/Developer/SDKs/iPhoneOS15.2.sdk  conftest.c >&5
conftest.c:70:24: error: 'test_array' declared as an array with a negative size
static int test_array [1 - 2 * !(((long) (sizeof (long))) <= 1)];
                       ^~~~~~~~~~~~~~~~~~~~~~~~~~~~~~~~~~~~~~~~
1 error generated.
configure:21456: $? = 1
configure: failed program was:
| /* confdefs.h.  */
| 
| #define PACKAGE_NAME ""
| #define PACKAGE_TARNAME ""
| #define PACKAGE_VERSION ""
| #define PACKAGE_STRING ""
| #define PACKAGE_BUGREPORT ""
| #define STDC_HEADERS 1
| #define HAVE_SYS_TYPES_H 1
| #define HAVE_SYS_STAT_H 1
| #define HAVE_STDLIB_H 1
| #define HAVE_STRING_H 1
| #define HAVE_MEMORY_H 1
| #define HAVE_STRINGS_H 1
| #define HAVE_INTTYPES_H 1
| #define HAVE_STDINT_H 1
| #define HAVE_UNISTD_H 1
| #define HAVE_DLFCN_H 1
| #ifdef __cplusplus
| extern "C" void exit (int);
| #endif
| #define VAR_ARRAYS
| #define HAVE_LIBM 1
| #define HAVE_GETOPT_LONG 1
| #define SPEEX_VERSION "1.1.11"
| #define SPEEX_MAJOR_VERSION 1
| #define SPEEX_MINOR_VERSION 1
| #define SPEEX_MICRO_VERSION 11
| #define SPEEX_EXTRA_VERSION ""
| #define SIZEOF_SHORT 2
| #define SIZEOF_INT 4
| /* end confdefs.h.  */
| #include <stdio.h>
| #if HAVE_SYS_TYPES_H
| # include <sys/types.h>
| #endif
| #if HAVE_SYS_STAT_H
| # include <sys/stat.h>
| #endif
| #if STDC_HEADERS
| # include <stdlib.h>
| # include <stddef.h>
| #else
| # if HAVE_STDLIB_H
| #  include <stdlib.h>
| # endif
| #endif
| #if HAVE_STRING_H
| # if !STDC_HEADERS && HAVE_MEMORY_H
| #  include <memory.h>
| # endif
| # include <string.h>
| #endif
| #if HAVE_STRINGS_H
| # include <strings.h>
| #endif
| #if HAVE_INTTYPES_H
| # include <inttypes.h>
| #else
| # if HAVE_STDINT_H
| #  include <stdint.h>
| # endif
| #endif
| #if HAVE_UNISTD_H
| # include <unistd.h>
| #endif
| int
| main ()
| {
| static int test_array [1 - 2 * !(((long) (sizeof (long))) <= 1)];
| test_array [0] = 0
| 
|   ;
|   return 0;
| }
configure:21450: gcc -c  -arch arm64e -Ofast -flto -g -fPIE -I/Users/sec/Downloads/libspeex/dependencies/include -isysroot /Volumes/WORK/Apps/Xcode.app/Contents/Developer/Platforms/iPhoneOS.platform/Developer/SDKs/iPhoneOS15.2.sdk  conftest.c >&5
conftest.c:70:24: error: 'test_array' declared as an array with a negative size
static int test_array [1 - 2 * !(((long) (sizeof (long))) <= 3)];
                       ^~~~~~~~~~~~~~~~~~~~~~~~~~~~~~~~~~~~~~~~
1 error generated.
configure:21456: $? = 1
configure: failed program was:
| /* confdefs.h.  */
| 
| #define PACKAGE_NAME ""
| #define PACKAGE_TARNAME ""
| #define PACKAGE_VERSION ""
| #define PACKAGE_STRING ""
| #define PACKAGE_BUGREPORT ""
| #define STDC_HEADERS 1
| #define HAVE_SYS_TYPES_H 1
| #define HAVE_SYS_STAT_H 1
| #define HAVE_STDLIB_H 1
| #define HAVE_STRING_H 1
| #define HAVE_MEMORY_H 1
| #define HAVE_STRINGS_H 1
| #define HAVE_INTTYPES_H 1
| #define HAVE_STDINT_H 1
| #define HAVE_UNISTD_H 1
| #define HAVE_DLFCN_H 1
| #ifdef __cplusplus
| extern "C" void exit (int);
| #endif
| #define VAR_ARRAYS
| #define HAVE_LIBM 1
| #define HAVE_GETOPT_LONG 1
| #define SPEEX_VERSION "1.1.11"
| #define SPEEX_MAJOR_VERSION 1
| #define SPEEX_MINOR_VERSION 1
| #define SPEEX_MICRO_VERSION 11
| #define SPEEX_EXTRA_VERSION ""
| #define SIZEOF_SHORT 2
| #define SIZEOF_INT 4
| /* end confdefs.h.  */
| #include <stdio.h>
| #if HAVE_SYS_TYPES_H
| # include <sys/types.h>
| #endif
| #if HAVE_SYS_STAT_H
| # include <sys/stat.h>
| #endif
| #if STDC_HEADERS
| # include <stdlib.h>
| # include <stddef.h>
| #else
| # if HAVE_STDLIB_H
| #  include <stdlib.h>
| # endif
| #endif
| #if HAVE_STRING_H
| # if !STDC_HEADERS && HAVE_MEMORY_H
| #  include <memory.h>
| # endif
| # include <string.h>
| #endif
| #if HAVE_STRINGS_H
| # include <strings.h>
| #endif
| #if HAVE_INTTYPES_H
| # include <inttypes.h>
| #else
| # if HAVE_STDINT_H
| #  include <stdint.h>
| # endif
| #endif
| #if HAVE_UNISTD_H
| # include <unistd.h>
| #endif
| int
| main ()
| {
| static int test_array [1 - 2 * !(((long) (sizeof (long))) <= 3)];
| test_array [0] = 0
| 
|   ;
|   return 0;
| }
configure:21450: gcc -c  -arch arm64e -Ofast -flto -g -fPIE -I/Users/sec/Downloads/libspeex/dependencies/include -isysroot /Volumes/WORK/Apps/Xcode.app/Contents/Developer/Platforms/iPhoneOS.platform/Developer/SDKs/iPhoneOS15.2.sdk  conftest.c >&5
conftest.c:70:24: error: 'test_array' declared as an array with a negative size
static int test_array [1 - 2 * !(((long) (sizeof (long))) <= 7)];
                       ^~~~~~~~~~~~~~~~~~~~~~~~~~~~~~~~~~~~~~~~
1 error generated.
configure:21456: $? = 1
configure: failed program was:
| /* confdefs.h.  */
| 
| #define PACKAGE_NAME ""
| #define PACKAGE_TARNAME ""
| #define PACKAGE_VERSION ""
| #define PACKAGE_STRING ""
| #define PACKAGE_BUGREPORT ""
| #define STDC_HEADERS 1
| #define HAVE_SYS_TYPES_H 1
| #define HAVE_SYS_STAT_H 1
| #define HAVE_STDLIB_H 1
| #define HAVE_STRING_H 1
| #define HAVE_MEMORY_H 1
| #define HAVE_STRINGS_H 1
| #define HAVE_INTTYPES_H 1
| #define HAVE_STDINT_H 1
| #define HAVE_UNISTD_H 1
| #define HAVE_DLFCN_H 1
| #ifdef __cplusplus
| extern "C" void exit (int);
| #endif
| #define VAR_ARRAYS
| #define HAVE_LIBM 1
| #define HAVE_GETOPT_LONG 1
| #define SPEEX_VERSION "1.1.11"
| #define SPEEX_MAJOR_VERSION 1
| #define SPEEX_MINOR_VERSION 1
| #define SPEEX_MICRO_VERSION 11
| #define SPEEX_EXTRA_VERSION ""
| #define SIZEOF_SHORT 2
| #define SIZEOF_INT 4
| /* end confdefs.h.  */
| #include <stdio.h>
| #if HAVE_SYS_TYPES_H
| # include <sys/types.h>
| #endif
| #if HAVE_SYS_STAT_H
| # include <sys/stat.h>
| #endif
| #if STDC_HEADERS
| # include <stdlib.h>
| # include <stddef.h>
| #else
| # if HAVE_STDLIB_H
| #  include <stdlib.h>
| # endif
| #endif
| #if HAVE_STRING_H
| # if !STDC_HEADERS && HAVE_MEMORY_H
| #  include <memory.h>
| # endif
| # include <string.h>
| #endif
| #if HAVE_STRINGS_H
| # include <strings.h>
| #endif
| #if HAVE_INTTYPES_H
| # include <inttypes.h>
| #else
| # if HAVE_STDINT_H
| #  include <stdint.h>
| # endif
| #endif
| #if HAVE_UNISTD_H
| # include <unistd.h>
| #endif
| int
| main ()
| {
| static int test_array [1 - 2 * !(((long) (sizeof (long))) <= 7)];
| test_array [0] = 0
| 
|   ;
|   return 0;
| }
configure:21450: gcc -c  -arch arm64e -Ofast -flto -g -fPIE -I/Users/sec/Downloads/libspeex/dependencies/include -isysroot /Volumes/WORK/Apps/Xcode.app/Contents/Developer/Platforms/iPhoneOS.platform/Developer/SDKs/iPhoneOS15.2.sdk  conftest.c >&5
configure:21456: $? = 0
configure:21459: test -z 			 || test ! -s conftest.err
configure:21462: $? = 0
configure:21465: test -s conftest.o
configure:21468: $? = 0
configure:21610: gcc -c  -arch arm64e -Ofast -flto -g -fPIE -I/Users/sec/Downloads/libspeex/dependencies/include -isysroot /Volumes/WORK/Apps/Xcode.app/Contents/Developer/Platforms/iPhoneOS.platform/Developer/SDKs/iPhoneOS15.2.sdk  conftest.c >&5
configure:21616: $? = 0
configure:21619: test -z 			 || test ! -s conftest.err
configure:21622: $? = 0
configure:21625: test -s conftest.o
configure:21628: $? = 0
configure:21610: gcc -c  -arch arm64e -Ofast -flto -g -fPIE -I/Users/sec/Downloads/libspeex/dependencies/include -isysroot /Volumes/WORK/Apps/Xcode.app/Contents/Developer/Platforms/iPhoneOS.platform/Developer/SDKs/iPhoneOS15.2.sdk  conftest.c >&5
configure:21616: $? = 0
configure:21619: test -z 			 || test ! -s conftest.err
configure:21622: $? = 0
configure:21625: test -s conftest.o
configure:21628: $? = 0
configure:21610: gcc -c  -arch arm64e -Ofast -flto -g -fPIE -I/Users/sec/Downloads/libspeex/dependencies/include -isysroot /Volumes/WORK/Apps/Xcode.app/Contents/Developer/Platforms/iPhoneOS.platform/Developer/SDKs/iPhoneOS15.2.sdk  conftest.c >&5
configure:21616: $? = 0
configure:21619: test -z 			 || test ! -s conftest.err
configure:21622: $? = 0
configure:21625: test -s conftest.o
configure:21628: $? = 0
configure:21723: result: 8
configure:21730: checking for long long
configure:21754: gcc -c  -arch arm64e -Ofast -flto -g -fPIE -I/Users/sec/Downloads/libspeex/dependencies/include -isysroot /Volumes/WORK/Apps/Xcode.app/Contents/Developer/Platforms/iPhoneOS.platform/Developer/SDKs/iPhoneOS15.2.sdk  conftest.c >&5
configure:21760: $? = 0
configure:21763: test -z 			 || test ! -s conftest.err
configure:21766: $? = 0
configure:21769: test -s conftest.o
configure:21772: $? = 0
configure:21783: result: yes
configure:21786: checking size of long long
configure:21816: gcc -c  -arch arm64e -Ofast -flto -g -fPIE -I/Users/sec/Downloads/libspeex/dependencies/include -isysroot /Volumes/WORK/Apps/Xcode.app/Contents/Developer/Platforms/iPhoneOS.platform/Developer/SDKs/iPhoneOS15.2.sdk  conftest.c >&5
configure:21822: $? = 0
configure:21825: test -z 			 || test ! -s conftest.err
configure:21828: $? = 0
configure:21831: test -s conftest.o
configure:21834: $? = 0
configure:21856: gcc -c  -arch arm64e -Ofast -flto -g -fPIE -I/Users/sec/Downloads/libspeex/dependencies/include -isysroot /Volumes/WORK/Apps/Xcode.app/Contents/Developer/Platforms/iPhoneOS.platform/Developer/SDKs/iPhoneOS15.2.sdk  conftest.c >&5
conftest.c:71:24: error: 'test_array' declared as an array with a negative size
static int test_array [1 - 2 * !(((long) (sizeof (long long))) <= 0)];
                       ^~~~~~~~~~~~~~~~~~~~~~~~~~~~~~~~~~~~~~~~~~~~~
1 error generated.
configure:21862: $? = 1
configure: failed program was:
| /* confdefs.h.  */
| 
| #define PACKAGE_NAME ""
| #define PACKAGE_TARNAME ""
| #define PACKAGE_VERSION ""
| #define PACKAGE_STRING ""
| #define PACKAGE_BUGREPORT ""
| #define STDC_HEADERS 1
| #define HAVE_SYS_TYPES_H 1
| #define HAVE_SYS_STAT_H 1
| #define HAVE_STDLIB_H 1
| #define HAVE_STRING_H 1
| #define HAVE_MEMORY_H 1
| #define HAVE_STRINGS_H 1
| #define HAVE_INTTYPES_H 1
| #define HAVE_STDINT_H 1
| #define HAVE_UNISTD_H 1
| #define HAVE_DLFCN_H 1
| #ifdef __cplusplus
| extern "C" void exit (int);
| #endif
| #define VAR_ARRAYS
| #define HAVE_LIBM 1
| #define HAVE_GETOPT_LONG 1
| #define SPEEX_VERSION "1.1.11"
| #define SPEEX_MAJOR_VERSION 1
| #define SPEEX_MINOR_VERSION 1
| #define SPEEX_MICRO_VERSION 11
| #define SPEEX_EXTRA_VERSION ""
| #define SIZEOF_SHORT 2
| #define SIZEOF_INT 4
| #define SIZEOF_LONG 8
| /* end confdefs.h.  */
| #include <stdio.h>
| #if HAVE_SYS_TYPES_H
| # include <sys/types.h>
| #endif
| #if HAVE_SYS_STAT_H
| # include <sys/stat.h>
| #endif
| #if STDC_HEADERS
| # include <stdlib.h>
| # include <stddef.h>
| #else
| # if HAVE_STDLIB_H
| #  include <stdlib.h>
| # endif
| #endif
| #if HAVE_STRING_H
| # if !STDC_HEADERS && HAVE_MEMORY_H
| #  include <memory.h>
| # endif
| # include <string.h>
| #endif
| #if HAVE_STRINGS_H
| # include <strings.h>
| #endif
| #if HAVE_INTTYPES_H
| # include <inttypes.h>
| #else
| # if HAVE_STDINT_H
| #  include <stdint.h>
| # endif
| #endif
| #if HAVE_UNISTD_H
| # include <unistd.h>
| #endif
| int
| main ()
| {
| static int test_array [1 - 2 * !(((long) (sizeof (long long))) <= 0)];
| test_array [0] = 0
| 
|   ;
|   return 0;
| }
configure:21856: gcc -c  -arch arm64e -Ofast -flto -g -fPIE -I/Users/sec/Downloads/libspeex/dependencies/include -isysroot /Volumes/WORK/Apps/Xcode.app/Contents/Developer/Platforms/iPhoneOS.platform/Developer/SDKs/iPhoneOS15.2.sdk  conftest.c >&5
conftest.c:71:24: error: 'test_array' declared as an array with a negative size
static int test_array [1 - 2 * !(((long) (sizeof (long long))) <= 1)];
                       ^~~~~~~~~~~~~~~~~~~~~~~~~~~~~~~~~~~~~~~~~~~~~
1 error generated.
configure:21862: $? = 1
configure: failed program was:
| /* confdefs.h.  */
| 
| #define PACKAGE_NAME ""
| #define PACKAGE_TARNAME ""
| #define PACKAGE_VERSION ""
| #define PACKAGE_STRING ""
| #define PACKAGE_BUGREPORT ""
| #define STDC_HEADERS 1
| #define HAVE_SYS_TYPES_H 1
| #define HAVE_SYS_STAT_H 1
| #define HAVE_STDLIB_H 1
| #define HAVE_STRING_H 1
| #define HAVE_MEMORY_H 1
| #define HAVE_STRINGS_H 1
| #define HAVE_INTTYPES_H 1
| #define HAVE_STDINT_H 1
| #define HAVE_UNISTD_H 1
| #define HAVE_DLFCN_H 1
| #ifdef __cplusplus
| extern "C" void exit (int);
| #endif
| #define VAR_ARRAYS
| #define HAVE_LIBM 1
| #define HAVE_GETOPT_LONG 1
| #define SPEEX_VERSION "1.1.11"
| #define SPEEX_MAJOR_VERSION 1
| #define SPEEX_MINOR_VERSION 1
| #define SPEEX_MICRO_VERSION 11
| #define SPEEX_EXTRA_VERSION ""
| #define SIZEOF_SHORT 2
| #define SIZEOF_INT 4
| #define SIZEOF_LONG 8
| /* end confdefs.h.  */
| #include <stdio.h>
| #if HAVE_SYS_TYPES_H
| # include <sys/types.h>
| #endif
| #if HAVE_SYS_STAT_H
| # include <sys/stat.h>
| #endif
| #if STDC_HEADERS
| # include <stdlib.h>
| # include <stddef.h>
| #else
| # if HAVE_STDLIB_H
| #  include <stdlib.h>
| # endif
| #endif
| #if HAVE_STRING_H
| # if !STDC_HEADERS && HAVE_MEMORY_H
| #  include <memory.h>
| # endif
| # include <string.h>
| #endif
| #if HAVE_STRINGS_H
| # include <strings.h>
| #endif
| #if HAVE_INTTYPES_H
| # include <inttypes.h>
| #else
| # if HAVE_STDINT_H
| #  include <stdint.h>
| # endif
| #endif
| #if HAVE_UNISTD_H
| # include <unistd.h>
| #endif
| int
| main ()
| {
| static int test_array [1 - 2 * !(((long) (sizeof (long long))) <= 1)];
| test_array [0] = 0
| 
|   ;
|   return 0;
| }
configure:21856: gcc -c  -arch arm64e -Ofast -flto -g -fPIE -I/Users/sec/Downloads/libspeex/dependencies/include -isysroot /Volumes/WORK/Apps/Xcode.app/Contents/Developer/Platforms/iPhoneOS.platform/Developer/SDKs/iPhoneOS15.2.sdk  conftest.c >&5
conftest.c:71:24: error: 'test_array' declared as an array with a negative size
static int test_array [1 - 2 * !(((long) (sizeof (long long))) <= 3)];
                       ^~~~~~~~~~~~~~~~~~~~~~~~~~~~~~~~~~~~~~~~~~~~~
1 error generated.
configure:21862: $? = 1
configure: failed program was:
| /* confdefs.h.  */
| 
| #define PACKAGE_NAME ""
| #define PACKAGE_TARNAME ""
| #define PACKAGE_VERSION ""
| #define PACKAGE_STRING ""
| #define PACKAGE_BUGREPORT ""
| #define STDC_HEADERS 1
| #define HAVE_SYS_TYPES_H 1
| #define HAVE_SYS_STAT_H 1
| #define HAVE_STDLIB_H 1
| #define HAVE_STRING_H 1
| #define HAVE_MEMORY_H 1
| #define HAVE_STRINGS_H 1
| #define HAVE_INTTYPES_H 1
| #define HAVE_STDINT_H 1
| #define HAVE_UNISTD_H 1
| #define HAVE_DLFCN_H 1
| #ifdef __cplusplus
| extern "C" void exit (int);
| #endif
| #define VAR_ARRAYS
| #define HAVE_LIBM 1
| #define HAVE_GETOPT_LONG 1
| #define SPEEX_VERSION "1.1.11"
| #define SPEEX_MAJOR_VERSION 1
| #define SPEEX_MINOR_VERSION 1
| #define SPEEX_MICRO_VERSION 11
| #define SPEEX_EXTRA_VERSION ""
| #define SIZEOF_SHORT 2
| #define SIZEOF_INT 4
| #define SIZEOF_LONG 8
| /* end confdefs.h.  */
| #include <stdio.h>
| #if HAVE_SYS_TYPES_H
| # include <sys/types.h>
| #endif
| #if HAVE_SYS_STAT_H
| # include <sys/stat.h>
| #endif
| #if STDC_HEADERS
| # include <stdlib.h>
| # include <stddef.h>
| #else
| # if HAVE_STDLIB_H
| #  include <stdlib.h>
| # endif
| #endif
| #if HAVE_STRING_H
| # if !STDC_HEADERS && HAVE_MEMORY_H
| #  include <memory.h>
| # endif
| # include <string.h>
| #endif
| #if HAVE_STRINGS_H
| # include <strings.h>
| #endif
| #if HAVE_INTTYPES_H
| # include <inttypes.h>
| #else
| # if HAVE_STDINT_H
| #  include <stdint.h>
| # endif
| #endif
| #if HAVE_UNISTD_H
| # include <unistd.h>
| #endif
| int
| main ()
| {
| static int test_array [1 - 2 * !(((long) (sizeof (long long))) <= 3)];
| test_array [0] = 0
| 
|   ;
|   return 0;
| }
configure:21856: gcc -c  -arch arm64e -Ofast -flto -g -fPIE -I/Users/sec/Downloads/libspeex/dependencies/include -isysroot /Volumes/WORK/Apps/Xcode.app/Contents/Developer/Platforms/iPhoneOS.platform/Developer/SDKs/iPhoneOS15.2.sdk  conftest.c >&5
conftest.c:71:24: error: 'test_array' declared as an array with a negative size
static int test_array [1 - 2 * !(((long) (sizeof (long long))) <= 7)];
                       ^~~~~~~~~~~~~~~~~~~~~~~~~~~~~~~~~~~~~~~~~~~~~
1 error generated.
configure:21862: $? = 1
configure: failed program was:
| /* confdefs.h.  */
| 
| #define PACKAGE_NAME ""
| #define PACKAGE_TARNAME ""
| #define PACKAGE_VERSION ""
| #define PACKAGE_STRING ""
| #define PACKAGE_BUGREPORT ""
| #define STDC_HEADERS 1
| #define HAVE_SYS_TYPES_H 1
| #define HAVE_SYS_STAT_H 1
| #define HAVE_STDLIB_H 1
| #define HAVE_STRING_H 1
| #define HAVE_MEMORY_H 1
| #define HAVE_STRINGS_H 1
| #define HAVE_INTTYPES_H 1
| #define HAVE_STDINT_H 1
| #define HAVE_UNISTD_H 1
| #define HAVE_DLFCN_H 1
| #ifdef __cplusplus
| extern "C" void exit (int);
| #endif
| #define VAR_ARRAYS
| #define HAVE_LIBM 1
| #define HAVE_GETOPT_LONG 1
| #define SPEEX_VERSION "1.1.11"
| #define SPEEX_MAJOR_VERSION 1
| #define SPEEX_MINOR_VERSION 1
| #define SPEEX_MICRO_VERSION 11
| #define SPEEX_EXTRA_VERSION ""
| #define SIZEOF_SHORT 2
| #define SIZEOF_INT 4
| #define SIZEOF_LONG 8
| /* end confdefs.h.  */
| #include <stdio.h>
| #if HAVE_SYS_TYPES_H
| # include <sys/types.h>
| #endif
| #if HAVE_SYS_STAT_H
| # include <sys/stat.h>
| #endif
| #if STDC_HEADERS
| # include <stdlib.h>
| # include <stddef.h>
| #else
| # if HAVE_STDLIB_H
| #  include <stdlib.h>
| # endif
| #endif
| #if HAVE_STRING_H
| # if !STDC_HEADERS && HAVE_MEMORY_H
| #  include <memory.h>
| # endif
| # include <string.h>
| #endif
| #if HAVE_STRINGS_H
| # include <strings.h>
| #endif
| #if HAVE_INTTYPES_H
| # include <inttypes.h>
| #else
| # if HAVE_STDINT_H
| #  include <stdint.h>
| # endif
| #endif
| #if HAVE_UNISTD_H
| # include <unistd.h>
| #endif
| int
| main ()
| {
| static int test_array [1 - 2 * !(((long) (sizeof (long long))) <= 7)];
| test_array [0] = 0
| 
|   ;
|   return 0;
| }
configure:21856: gcc -c  -arch arm64e -Ofast -flto -g -fPIE -I/Users/sec/Downloads/libspeex/dependencies/include -isysroot /Volumes/WORK/Apps/Xcode.app/Contents/Developer/Platforms/iPhoneOS.platform/Developer/SDKs/iPhoneOS15.2.sdk  conftest.c >&5
configure:21862: $? = 0
configure:21865: test -z 			 || test ! -s conftest.err
configure:21868: $? = 0
configure:21871: test -s conftest.o
configure:21874: $? = 0
configure:22016: gcc -c  -arch arm64e -Ofast -flto -g -fPIE -I/Users/sec/Downloads/libspeex/dependencies/include -isysroot /Volumes/WORK/Apps/Xcode.app/Contents/Developer/Platforms/iPhoneOS.platform/Developer/SDKs/iPhoneOS15.2.sdk  conftest.c >&5
configure:22022: $? = 0
configure:22025: test -z 			 || test ! -s conftest.err
configure:22028: $? = 0
configure:22031: test -s conftest.o
configure:22034: $? = 0
configure:22016: gcc -c  -arch arm64e -Ofast -flto -g -fPIE -I/Users/sec/Downloads/libspeex/dependencies/include -isysroot /Volumes/WORK/Apps/Xcode.app/Contents/Developer/Platforms/iPhoneOS.platform/Developer/SDKs/iPhoneOS15.2.sdk  conftest.c >&5
configure:22022: $? = 0
configure:22025: test -z 			 || test ! -s conftest.err
configure:22028: $? = 0
configure:22031: test -s conftest.o
configure:22034: $? = 0
configure:22016: gcc -c  -arch arm64e -Ofast -flto -g -fPIE -I/Users/sec/Downloads/libspeex/dependencies/include -isysroot /Volumes/WORK/Apps/Xcode.app/Contents/Developer/Platforms/iPhoneOS.platform/Developer/SDKs/iPhoneOS15.2.sdk  conftest.c >&5
configure:22022: $? = 0
configure:22025: test -z 			 || test ! -s conftest.err
configure:22028: $? = 0
configure:22031: test -s conftest.o
configure:22034: $? = 0
configure:22129: result: 8
configure:22290: creating ./config.status

## ---------------------- ##
## Running config.status. ##
## ---------------------- ##

This file was extended by config.status, which was
generated by GNU Autoconf 2.59.  Invocation command line was

  CONFIG_FILES    = 
  CONFIG_HEADERS  = 
  CONFIG_LINKS    = 
  CONFIG_COMMANDS = 
  $ ./config.status 

on SeongHoonui-Macmini-2.local

config.status:780: creating Makefile
config.status:780: creating libspeex/Makefile
config.status:780: creating src/Makefile
config.status:780: creating doc/Makefile
config.status:780: creating Speex.spec
config.status:780: creating include/Makefile
config.status:780: creating include/speex/Makefile
config.status:780: creating speex.pc
config.status:780: creating win32/Makefile
config.status:780: creating win32/libspeex/Makefile
config.status:780: creating win32/speexenc/Makefile
config.status:780: creating win32/speexdec/Makefile
config.status:780: creating symbian/Makefile
config.status:780: creating include/speex/speex_config_types.h
config.status:780: creating ti/Makefile
config.status:780: creating ti/speex_C54_test/Makefile
config.status:780: creating ti/speex_C55_test/Makefile
config.status:780: creating ti/speex_C64_test/Makefile
config.status:846: creating config.h
config.status:1154: executing depfiles commands

## ---------------- ##
## Cache variables. ##
## ---------------- ##

ac_cv_build=arm-apple-darwin21.2.0
ac_cv_build_alias=arm-apple-darwin21.2.0
ac_cv_c_bigendian=no
ac_cv_c_compiler_gnu=yes
ac_cv_c_const=yes
ac_cv_c_inline=inline
ac_cv_c_restrict=restrict
ac_cv_cxx_compiler_gnu=yes
ac_cv_env_CC_set=
ac_cv_env_CC_value=
ac_cv_env_CFLAGS_set=set
ac_cv_env_CFLAGS_value=' -arch arm64e -Ofast -flto -g -fPIE -I/Users/sec/Downloads/libspeex/dependencies/include -isysroot /Volumes/WORK/Apps/Xcode.app/Contents/Developer/Platforms/iPhoneOS.platform/Developer/SDKs/iPhoneOS15.2.sdk'
ac_cv_env_CPPFLAGS_set=
ac_cv_env_CPPFLAGS_value=
ac_cv_env_CPP_set=
ac_cv_env_CPP_value=
ac_cv_env_CXXCPP_set=
ac_cv_env_CXXCPP_value=
ac_cv_env_CXXFLAGS_set=
ac_cv_env_CXXFLAGS_value=
ac_cv_env_CXX_set=
ac_cv_env_CXX_value=
ac_cv_env_F77_set=
ac_cv_env_F77_value=
ac_cv_env_FFLAGS_set=
ac_cv_env_FFLAGS_value=
ac_cv_env_LDFLAGS_set=set
ac_cv_env_LDFLAGS_value=' -flto -fPIE -L/Users/sec/Downloads/libspeex/dependencies/lib'
ac_cv_env_build_alias_set=
ac_cv_env_build_alias_value=
ac_cv_env_host_alias_set=set
ac_cv_env_host_alias_value=arm-apple-darwin
ac_cv_env_target_alias_set=
ac_cv_env_target_alias_value=
ac_cv_exeext=
ac_cv_f77_compiler_gnu=yes
ac_cv_func_getopt_long=yes
ac_cv_header_dlfcn_h=yes
ac_cv_header_inttypes_h=yes
ac_cv_header_memory_h=yes
ac_cv_header_stdc=yes
ac_cv_header_stdint_h=yes
ac_cv_header_stdlib_h=yes
ac_cv_header_string_h=yes
ac_cv_header_strings_h=yes
ac_cv_header_sys_audioio_h=no
ac_cv_header_sys_soundcard_h=no
ac_cv_header_sys_stat_h=yes
ac_cv_header_sys_types_h=yes
ac_cv_header_unistd_h=yes
ac_cv_host=arm-apple-darwin
ac_cv_host_alias=arm-apple-darwin
ac_cv_lib_m_sin=yes
ac_cv_lib_winmm_main=no
ac_cv_objext=o
ac_cv_path_install='/opt/homebrew/bin/ginstall -c'
ac_cv_prog_AWK=awk
ac_cv_prog_CPP='gcc -E'
ac_cv_prog_CXXCPP='g++ -E'
ac_cv_prog_STRIP=strip
ac_cv_prog_ac_ct_AR=ar
ac_cv_prog_ac_ct_CC=gcc
ac_cv_prog_ac_ct_CXX=g++
ac_cv_prog_ac_ct_F77=gfortran
ac_cv_prog_ac_ct_RANLIB=ranlib
ac_cv_prog_ac_ct_STRIP=strip
ac_cv_prog_cc_g=yes
ac_cv_prog_cc_stdc=
ac_cv_prog_cxx_g=yes
ac_cv_prog_egrep='grep -E'
ac_cv_prog_f77_g=yes
ac_cv_prog_make_make_set=yes
ac_cv_sizeof_int=4
ac_cv_sizeof_long=8
ac_cv_sizeof_long_long=8
ac_cv_sizeof_short=2
ac_cv_type_int=yes
ac_cv_type_long=yes
ac_cv_type_long_long=yes
ac_cv_type_short=yes
am_cv_CC_dependencies_compiler_type=gcc3
am_cv_CXX_dependencies_compiler_type=gcc3
lt_cv_deplibs_check_method=pass_all
lt_cv_file_magic_cmd='$MAGIC_CMD'
lt_cv_file_magic_test_file=
lt_cv_ld_reload_flag=-r
lt_cv_objdir=.libs
lt_cv_path_LD=/Library/Developer/CommandLineTools/usr/bin/ld
lt_cv_path_LDCXX=/Library/Developer/CommandLineTools/usr/bin/ld
lt_cv_path_NM=nm
lt_cv_path_SED=/usr/bin/sed
lt_cv_prog_compiler_c_o=yes
lt_cv_prog_compiler_c_o_CXX=yes
lt_cv_prog_compiler_c_o_F77=yes
lt_cv_prog_compiler_rtti_exceptions=yes
lt_cv_prog_gnu_ld=no
lt_cv_prog_gnu_ldcxx=no
lt_cv_sys_global_symbol_pipe='sed -n -e '\''s/^.*[ 	]\([BCDEGRST][BCDEGRST]*\)[ 	][ 	]*\(_\)\([_A-Za-z][_A-Za-z0-9]*\)$/\1 \2\3 \3/p'\'''
lt_cv_sys_global_symbol_to_c_name_address='sed -n -e '\''s/^: \([^ ]*\) $/  {\"\1\", (lt_ptr) 0},/p'\'' -e '\''s/^[BCDEGRST] \([^ ]*\) \([^ ]*\)$/  {"\2", (lt_ptr) \&\2},/p'\'''
lt_cv_sys_global_symbol_to_cdecl='sed -n -e '\''s/^. .* \(.*\)$/extern int \1;/p'\'''
lt_cv_sys_max_cmd_len=262144
lt_lt_cv_prog_compiler_c_o='"yes"'
lt_lt_cv_prog_compiler_c_o_CXX='"yes"'
lt_lt_cv_prog_compiler_c_o_F77='"yes"'
lt_lt_cv_sys_global_symbol_pipe='"sed -n -e '\''s/^.*[ 	]\\([BCDEGRST][BCDEGRST]*\\)[ 	][ 	]*\\(_\\)\\([_A-Za-z][_A-Za-z0-9]*\\)\$/\\1 \\2\\3 \\3/p'\''"'
lt_lt_cv_sys_global_symbol_to_c_name_address='"sed -n -e '\''s/^: \\([^ ]*\\) \$/  {\\\"\\1\\\", (lt_ptr) 0},/p'\'' -e '\''s/^[BCDEGRST] \\([^ ]*\\) \\([^ ]*\\)\$/  {\"\\2\", (lt_ptr) \\&\\2},/p'\''"'
lt_lt_cv_sys_global_symbol_to_cdecl='"sed -n -e '\''s/^. .* \\(.*\\)\$/extern int \\1;/p'\''"'

## ----------------- ##
## Output variables. ##
## ----------------- ##

ACLOCAL='${SHELL} /Users/sec/Downloads/libspeex/build/src/speex-1.1.11/missing --run aclocal-1.8'
AMDEPBACKSLASH='\'
AMDEP_FALSE='#'
AMDEP_TRUE=''
AMTAR='${SHELL} /Users/sec/Downloads/libspeex/build/src/speex-1.1.11/missing --run tar'
AR='ar'
AUTOCONF='${SHELL} /Users/sec/Downloads/libspeex/build/src/speex-1.1.11/missing --run autoconf'
AUTOHEADER='${SHELL} /Users/sec/Downloads/libspeex/build/src/speex-1.1.11/missing --run autoheader'
AUTOMAKE='${SHELL} /Users/sec/Downloads/libspeex/build/src/speex-1.1.11/missing --run automake-1.8'
AWK='awk'
CC='gcc'
CCDEPMODE='depmode=gcc3'
CFLAGS=' -arch arm64e -Ofast -flto -g -fPIE -I/Users/sec/Downloads/libspeex/dependencies/include -isysroot /Volumes/WORK/Apps/Xcode.app/Contents/Developer/Platforms/iPhoneOS.platform/Developer/SDKs/iPhoneOS15.2.sdk'
CPP='gcc -E'
CPPFLAGS=''
CXX='g++'
CXXCPP='g++ -E'
CXXDEPMODE='depmode=gcc3'
CXXFLAGS='-g -O2'
CYGPATH_W='echo'
DEFS='-DHAVE_CONFIG_H'
DEPDIR='.deps'
ECHO='/bin/echo'
ECHO_C='ECHO_N=''
ECHO_T=''
EGREP='grep -E'
EXEEXT=''
F77='gfortran'
FFLAGS='-g -O2'
INSTALL_DATA='${INSTALL} -m 644'
INSTALL_PROGRAM='${INSTALL}'
INSTALL_SCRIPT='${INSTALL}'
INSTALL_STRIP_PROGRAM='${SHELL} $(install_sh) -c -s'
LDFLAGS=' -flto -fPIE -L/Users/sec/Downloads/libspeex/dependencies/lib'
LIBOBJS=''
LIBS='-lm '
LIBTOOL='$(SHELL) $(top_builddir)/libtool'
LN_S='ln -s'
LTLIBOBJS=''
MAINT='#'
MAINTAINER_MODE_FALSE=''
MAINTAINER_MODE_TRUE='#'
MAKEINFO='${SHELL} /Users/sec/Downloads/libspeex/build/src/speex-1.1.11/missing --run makeinfo'
OBJEXT='o'
OGG_CFLAGS='-I/Users/sec/Downloads/libspeex/build/built/iPhoneOS15.2-arm64e.sdk/include'
OGG_LIBS='-L/Users/sec/Downloads/libspeex/build/built/iPhoneOS15.2-arm64e.sdk/lib -logg'
PACKAGE='speex'
PACKAGE_BUGREPORT=''
PACKAGE_NAME=''
PACKAGE_STRING=''
PACKAGE_TARNAME=''
PACKAGE_VERSION=''
PATH_SEPARATOR=':'
RANLIB='ranlib'
SET_MAKE=''
SHELL='/bin/sh'
SIZE16='short'
SIZE32='int'
SPEEX_LT_AGE='2'
SPEEX_LT_CURRENT='3'
SPEEX_LT_REVISION='0'
SPEEX_VERSION='1.1.11'
STRIP='strip'
VERSION='1.1.11'
ac_ct_AR='ar'
ac_ct_CC='gcc'
ac_ct_CXX='g++'
ac_ct_F77='gfortran'
ac_ct_RANLIB='ranlib'
ac_ct_STRIP='strip'
am__fastdepCC_FALSE='#'
am__fastdepCC_TRUE=''
am__fastdepCXX_FALSE='#'
am__fastdepCXX_TRUE=''
am__include='include'
am__leading_dot='.'
am__quote=''
bindir='${exec_prefix}/bin'
build='arm-apple-darwin21.2.0'
build_alias=''
build_cpu='arm'
build_os='darwin21.2.0'
build_vendor='apple'
datadir='${prefix}/share'
exec_prefix='${prefix}'
host='arm-apple-darwin'
host_alias='arm-apple-darwin'
host_cpu='arm'
host_os='darwin'
host_vendor='apple'
includedir='${prefix}/include'
infodir='${prefix}/info'
install_sh='/Users/sec/Downloads/libspeex/build/src/speex-1.1.11/install-sh'
libdir='${exec_prefix}/lib'
libexecdir='${exec_prefix}/libexec'
localstatedir='${prefix}/var'
mandir='${prefix}/man'
mkdir_p='$(install_sh) -d'
oldincludedir='/usr/include'
prefix='/Users/sec/Downloads/libspeex/build/built/iPhoneOS15.2-arm64e.sdk'
program_transform_name='s,x,x,'
sbindir='${exec_prefix}/sbin'
sharedstatedir='${prefix}/com'
src='src'
sysconfdir='${prefix}/etc'
target_alias=''

## ----------- ##
## confdefs.h. ##
## ----------- ##

#define HAVE_DLFCN_H 1
#define HAVE_GETOPT_LONG 1
#define HAVE_INTTYPES_H 1
#define HAVE_LIBM 1
#define HAVE_MEMORY_H 1
#define HAVE_STDINT_H 1
#define HAVE_STDLIB_H 1
#define HAVE_STRINGS_H 1
#define HAVE_STRING_H 1
#define HAVE_SYS_STAT_H 1
#define HAVE_SYS_TYPES_H 1
#define HAVE_UNISTD_H 1
#define PACKAGE_BUGREPORT ""
#define PACKAGE_NAME ""
#define PACKAGE_STRING ""
#define PACKAGE_TARNAME ""
#define PACKAGE_VERSION ""
#define SIZEOF_INT 4
#define SIZEOF_LONG 8
#define SIZEOF_LONG_LONG 8
#define SIZEOF_SHORT 2
#define SPEEX_EXTRA_VERSION ""
#define SPEEX_MAJOR_VERSION 1
#define SPEEX_MICRO_VERSION 11
#define SPEEX_MINOR_VERSION 1
#define SPEEX_VERSION "1.1.11"
#define STDC_HEADERS 1
#define VAR_ARRAYS
#endif
#ifdef __cplusplus
extern "C" void exit (int);

configure: exit 0
